INFO: [VRFC 10-2263] Analyzing Verilog file "/home/adam/COMSE6424/ZedBoard/K9F1G08U0E_controller/K9F1G08U0E_controller.sim/sim_1/impl/func/xsim/bd_wrapper_func_impl.v" into library xil_defaultlib
INFO: [VRFC 10-311] analyzing module bd
INFO: [VRFC 10-311] analyzing module bd_NAND_Flash_Controller_0_0
INFO: [VRFC 10-311] analyzing module bd_NAND_Flash_Controller_0_0_ACounter
INFO: [VRFC 10-311] analyzing module bd_NAND_Flash_Controller_0_0_H_gen
INFO: [VRFC 10-311] analyzing module bd_NAND_Flash_Controller_0_0_MFSM
INFO: [VRFC 10-311] analyzing module bd_NAND_Flash_Controller_0_0_NAND_Flash_Controller_v1_0
INFO: [VRFC 10-311] analyzing module bd_NAND_Flash_Controller_0_0_NAND_Flash_Controller_v1_0_S00_AXI
INFO: [VRFC 10-311] analyzing module bd_NAND_Flash_Controller_0_0_TFSM
INFO: [VRFC 10-311] analyzing module bd_NAND_Flash_Controller_0_0_ebr_buffer
INFO: [VRFC 10-311] analyzing module bd_NAND_Flash_Controller_0_0_nfcm_top
INFO: [VRFC 10-311] analyzing module bd_NAND_Flash_Controller_0_0_raminfr
INFO: [VRFC 10-311] analyzing module bd_auto_pc_0
INFO: [VRFC 10-311] analyzing module bd_auto_pc_0_axi_protocol_converter_v2_1_17_axi_protocol_converter
INFO: [VRFC 10-311] analyzing module bd_auto_pc_0_axi_protocol_converter_v2_1_17_b2s
INFO: [VRFC 10-311] analyzing module bd_auto_pc_0_axi_protocol_converter_v2_1_17_b2s_ar_channel
INFO: [VRFC 10-311] analyzing module bd_auto_pc_0_axi_protocol_converter_v2_1_17_b2s_aw_channel
INFO: [VRFC 10-311] analyzing module bd_auto_pc_0_axi_protocol_converter_v2_1_17_b2s_b_channel
INFO: [VRFC 10-311] analyzing module bd_auto_pc_0_axi_protocol_converter_v2_1_17_b2s_cmd_translator
INFO: [VRFC 10-311] analyzing module bd_auto_pc_0_axi_protocol_converter_v2_1_17_b2s_cmd_translator_1
INFO: [VRFC 10-311] analyzing module bd_auto_pc_0_axi_protocol_converter_v2_1_17_b2s_incr_cmd
INFO: [VRFC 10-311] analyzing module bd_auto_pc_0_axi_protocol_converter_v2_1_17_b2s_incr_cmd_2
INFO: [VRFC 10-311] analyzing module bd_auto_pc_0_axi_protocol_converter_v2_1_17_b2s_r_channel
INFO: [VRFC 10-311] analyzing module bd_auto_pc_0_axi_protocol_converter_v2_1_17_b2s_rd_cmd_fsm
INFO: [VRFC 10-311] analyzing module bd_auto_pc_0_axi_protocol_converter_v2_1_17_b2s_simple_fifo
INFO: [VRFC 10-311] analyzing module bd_auto_pc_0_axi_protocol_converter_v2_1_17_b2s_simple_fifo__parameterized0
INFO: [VRFC 10-311] analyzing module bd_auto_pc_0_axi_protocol_converter_v2_1_17_b2s_simple_fifo__parameterized1
INFO: [VRFC 10-311] analyzing module bd_auto_pc_0_axi_protocol_converter_v2_1_17_b2s_simple_fifo__parameterized2
INFO: [VRFC 10-311] analyzing module bd_auto_pc_0_axi_protocol_converter_v2_1_17_b2s_wr_cmd_fsm
INFO: [VRFC 10-311] analyzing module bd_auto_pc_0_axi_protocol_converter_v2_1_17_b2s_wrap_cmd
INFO: [VRFC 10-311] analyzing module bd_auto_pc_0_axi_protocol_converter_v2_1_17_b2s_wrap_cmd_3
INFO: [VRFC 10-311] analyzing module bd_auto_pc_0_axi_register_slice_v2_1_17_axi_register_slice
INFO: [VRFC 10-311] analyzing module bd_auto_pc_0_axi_register_slice_v2_1_17_axic_register_slice
INFO: [VRFC 10-311] analyzing module bd_auto_pc_0_axi_register_slice_v2_1_17_axic_register_slice_0
INFO: [VRFC 10-311] analyzing module bd_auto_pc_0_axi_register_slice_v2_1_17_axic_register_slice__parameterized1
INFO: [VRFC 10-311] analyzing module bd_auto_pc_0_axi_register_slice_v2_1_17_axic_register_slice__parameterized2
INFO: [VRFC 10-311] analyzing module bd_processing_system7_0_3
INFO: [VRFC 10-311] analyzing module bd_processing_system7_0_3_processing_system7_v5_5_processing_system7
INFO: [VRFC 10-311] analyzing module bd_ps7_0_axi_periph_0
INFO: [VRFC 10-311] analyzing module bd_rst_ps7_0_100M_0
INFO: [VRFC 10-311] analyzing module bd_rst_ps7_0_100M_0_cdc_sync
INFO: [VRFC 10-311] analyzing module bd_rst_ps7_0_100M_0_cdc_sync_0
INFO: [VRFC 10-311] analyzing module bd_rst_ps7_0_100M_0_lpf
INFO: [VRFC 10-311] analyzing module bd_rst_ps7_0_100M_0_proc_sys_reset
INFO: [VRFC 10-311] analyzing module bd_rst_ps7_0_100M_0_sequence_psr
INFO: [VRFC 10-311] analyzing module bd_rst_ps7_0_100M_0_upcnt_n
INFO: [VRFC 10-311] analyzing module bd_wrapper
INFO: [VRFC 10-311] analyzing module s00_couplers_imp_1HOBFE2
INFO: [VRFC 10-311] analyzing module glbl
