Copyright 1986-2018 Xilinx, Inc. All Rights Reserved.
--------------------------------------------------------------------------------------------------------------------------------------------------------------------
| Tool Version : Vivado v.2018.2.2 (lin64) Build 2348494 Mon Oct  1 18:25:39 MDT 2018
| Date         : Wed Dec  5 13:11:35 2018
| Host         : tk0l running 64-bit Ubuntu 18.04.1 LTS
| Command      : report_methodology -file bd_wrapper_methodology_drc_routed.rpt -pb bd_wrapper_methodology_drc_routed.pb -rpx bd_wrapper_methodology_drc_routed.rpx
| Design       : bd_wrapper
| Device       : xc7z020clg484-1
| Speed File   : -1
| Design State : Routed
--------------------------------------------------------------------------------------------------------------------------------------------------------------------

Report Methodology

Table of Contents
-----------------
1. REPORT SUMMARY
2. REPORT DETAILS

1. REPORT SUMMARY
-----------------
            Netlist: netlist
          Floorplan: design_1
      Design limits: <entire design considered>
             Max violations: <unlimited>
             Violations found: 35
+-----------+----------+-------------------------------+------------+
| Rule      | Severity | Description                   | Violations |
+-----------+----------+-------------------------------+------------+
| TIMING-18 | Warning  | Missing input or output delay | 35         |
+-----------+----------+-------------------------------+------------+

2. REPORT DETAILS
-----------------
TIMING-18#1 Warning
Missing input or output delay  
An input delay is missing on DIO[0] relative to clock(s) clk_fpga_0
Related violations: <none>

TIMING-18#2 Warning
Missing input or output delay  
An input delay is missing on DIO[1] relative to clock(s) clk_fpga_0
Related violations: <none>

TIMING-18#3 Warning
Missing input or output delay  
An input delay is missing on DIO[2] relative to clock(s) clk_fpga_0
Related violations: <none>

TIMING-18#4 Warning
Missing input or output delay  
An input delay is missing on DIO[3] relative to clock(s) clk_fpga_0
Related violations: <none>

TIMING-18#5 Warning
Missing input or output delay  
An input delay is missing on DIO[4] relative to clock(s) clk_fpga_0
Related violations: <none>

TIMING-18#6 Warning
Missing input or output delay  
An input delay is missing on DIO[5] relative to clock(s) clk_fpga_0
Related violations: <none>

TIMING-18#7 Warning
Missing input or output delay  
An input delay is missing on DIO[6] relative to clock(s) clk_fpga_0
Related violations: <none>

TIMING-18#8 Warning
Missing input or output delay  
An input delay is missing on DIO[7] relative to clock(s) clk_fpga_0
Related violations: <none>

TIMING-18#9 Warning
Missing input or output delay  
An input delay is missing on R_nB relative to clock(s) clk_fpga_0
Related violations: <none>

TIMING-18#10 Warning
Missing input or output delay  
An input delay is missing on btns_5bits_tri_i[0] relative to clock(s) clk_fpga_0
Related violations: <none>

TIMING-18#11 Warning
Missing input or output delay  
An input delay is missing on btns_5bits_tri_i[1] relative to clock(s) clk_fpga_0
Related violations: <none>

TIMING-18#12 Warning
Missing input or output delay  
An input delay is missing on btns_5bits_tri_i[2] relative to clock(s) clk_fpga_0
Related violations: <none>

TIMING-18#13 Warning
Missing input or output delay  
An input delay is missing on btns_5bits_tri_i[3] relative to clock(s) clk_fpga_0
Related violations: <none>

TIMING-18#14 Warning
Missing input or output delay  
An input delay is missing on btns_5bits_tri_i[4] relative to clock(s) clk_fpga_0
Related violations: <none>

TIMING-18#15 Warning
Missing input or output delay  
An input delay is missing on sws_8bits_tri_i[0] relative to clock(s) clk_fpga_0
Related violations: <none>

TIMING-18#16 Warning
Missing input or output delay  
An input delay is missing on sws_8bits_tri_i[1] relative to clock(s) clk_fpga_0
Related violations: <none>

TIMING-18#17 Warning
Missing input or output delay  
An input delay is missing on sws_8bits_tri_i[2] relative to clock(s) clk_fpga_0
Related violations: <none>

TIMING-18#18 Warning
Missing input or output delay  
An input delay is missing on sws_8bits_tri_i[3] relative to clock(s) clk_fpga_0
Related violations: <none>

TIMING-18#19 Warning
Missing input or output delay  
An input delay is missing on sws_8bits_tri_i[4] relative to clock(s) clk_fpga_0
Related violations: <none>

TIMING-18#20 Warning
Missing input or output delay  
An input delay is missing on sws_8bits_tri_i[5] relative to clock(s) clk_fpga_0
Related violations: <none>

TIMING-18#21 Warning
Missing input or output delay  
An input delay is missing on sws_8bits_tri_i[6] relative to clock(s) clk_fpga_0
Related violations: <none>

TIMING-18#22 Warning
Missing input or output delay  
An input delay is missing on sws_8bits_tri_i[7] relative to clock(s) clk_fpga_0
Related violations: <none>

TIMING-18#23 Warning
Missing input or output delay  
An output delay is missing on ALE relative to clock(s) clk_fpga_0
Related violations: <none>

TIMING-18#24 Warning
Missing input or output delay  
An output delay is missing on CE_n relative to clock(s) clk_fpga_0
Related violations: <none>

TIMING-18#25 Warning
Missing input or output delay  
An output delay is missing on CLE relative to clock(s) clk_fpga_0
Related violations: <none>

TIMING-18#26 Warning
Missing input or output delay  
An output delay is missing on RE_n relative to clock(s) clk_fpga_0
Related violations: <none>

TIMING-18#27 Warning
Missing input or output delay  
An output delay is missing on WE_n relative to clock(s) clk_fpga_0
Related violations: <none>

TIMING-18#28 Warning
Missing input or output delay  
An output delay is missing on leds_8bits_tri_o[0] relative to clock(s) clk_fpga_0
Related violations: <none>

TIMING-18#29 Warning
Missing input or output delay  
An output delay is missing on leds_8bits_tri_o[1] relative to clock(s) clk_fpga_0
Related violations: <none>

TIMING-18#30 Warning
Missing input or output delay  
An output delay is missing on leds_8bits_tri_o[2] relative to clock(s) clk_fpga_0
Related violations: <none>

TIMING-18#31 Warning
Missing input or output delay  
An output delay is missing on leds_8bits_tri_o[3] relative to clock(s) clk_fpga_0
Related violations: <none>

TIMING-18#32 Warning
Missing input or output delay  
An output delay is missing on leds_8bits_tri_o[4] relative to clock(s) clk_fpga_0
Related violations: <none>

TIMING-18#33 Warning
Missing input or output delay  
An output delay is missing on leds_8bits_tri_o[5] relative to clock(s) clk_fpga_0
Related violations: <none>

TIMING-18#34 Warning
Missing input or output delay  
An output delay is missing on leds_8bits_tri_o[6] relative to clock(s) clk_fpga_0
Related violations: <none>

TIMING-18#35 Warning
Missing input or output delay  
An output delay is missing on leds_8bits_tri_o[7] relative to clock(s) clk_fpga_0
Related violations: <none>


