Copyright 1986-2018 Xilinx, Inc. All Rights Reserved.
---------------------------------------------------------------------------------------
| Tool Version : Vivado v.2018.2.2 (lin64) Build 2348494 Mon Oct  1 18:25:39 MDT 2018
| Date         : Wed Dec  5 13:11:19 2018
| Host         : tk0l running 64-bit Ubuntu 18.04.1 LTS
| Command      : report_control_sets -verbose -file bd_wrapper_control_sets_placed.rpt
| Design       : bd_wrapper
| Device       : xc7z020
---------------------------------------------------------------------------------------

Control Set Information

Table of Contents
-----------------
1. Summary
2. Histogram
3. Flip-Flop Distribution
4. Detailed Control Set Information

1. Summary
----------

+----------------------------------------------------------+-------+
|                          Status                          | Count |
+----------------------------------------------------------+-------+
| Number of unique control sets                            |    64 |
| Unused register locations in slices containing registers |    82 |
+----------------------------------------------------------+-------+


2. Histogram
------------

+--------+--------------+
| Fanout | Control Sets |
+--------+--------------+
|      4 |            1 |
|      8 |           11 |
|     10 |            3 |
|     12 |            2 |
|     14 |            2 |
|    16+ |           45 |
+--------+--------------+


3. Flip-Flop Distribution
-------------------------

+--------------+-----------------------+------------------------+-----------------+--------------+
| Clock Enable | Synchronous Set/Reset | Asynchronous Set/Reset | Total Registers | Total Slices |
+--------------+-----------------------+------------------------+-----------------+--------------+
| No           | No                    | No                     |             524 |           85 |
| No           | No                    | Yes                    |               0 |            0 |
| No           | Yes                   | No                     |             384 |           65 |
| Yes          | No                    | No                     |             936 |          107 |
| Yes          | No                    | Yes                    |               0 |            0 |
| Yes          | Yes                   | No                     |             474 |           63 |
+--------------+-----------------------+------------------------+-----------------+--------------+


4. Detailed Control Set Information
-----------------------------------

+-------------------------------------------+----------------------------------------------------------------------------------------------------------------------------------------------------------+--------------------------------------------------------------------------------------------------------------------------------------+------------------+----------------+
|                Clock Signal               |                                                                       Enable Signal                                                                      |                                                           Set/Reset Signal                                                           | Slice Load Count | Bel Load Count |
+-------------------------------------------+----------------------------------------------------------------------------------------------------------------------------------------------------------+--------------------------------------------------------------------------------------------------------------------------------------+------------------+----------------+
|  bd_i/processing_system7_0/inst/FCLK_CLK0 | bd_i/ps7_0_axi_periph/s00_couplers/auto_pc/inst/gen_axilite.gen_b2s_conv.axilite_b2s/WR.b_channel_0/bid_fifo_0/bresp_push                                |                                                                                                                                      |                1 |              4 |
|  bd_i/processing_system7_0/inst/FCLK_CLK0 |                                                                                                                                                          | bd_i/ps7_0_axi_periph/s00_couplers/auto_pc/inst/gen_axilite.gen_b2s_conv.axilite_b2s/SI_REG/ar.ar_pipe/m_valid_i_reg_0               |                3 |              8 |
|  bd_i/processing_system7_0/inst/FCLK_CLK0 | bd_i/ps7_0_axi_periph/s00_couplers/auto_pc/inst/gen_axilite.gen_b2s_conv.axilite_b2s/RD.ar_channel_0/ar_cmd_fsm_0/E[0]                                   | bd_i/ps7_0_axi_periph/s00_couplers/auto_pc/inst/gen_axilite.gen_b2s_conv.axilite_b2s/RD.ar_channel_0/ar_cmd_fsm_0/axlen_cnt_reg[7]   |                1 |              8 |
|  bd_i/processing_system7_0/inst/FCLK_CLK0 | bd_i/NAND_Flash_Controller_0/inst/NAND_Flash_Controller_v1_0_S00_AXI_inst/my_nfcm_top/main_fsm/WC_tmp_reg[3][0]                                          | bd_i/NAND_Flash_Controller_0/inst/NAND_Flash_Controller_v1_0_S00_AXI_inst/my_nfcm_top/main_fsm/SR[0]                                 |                1 |              8 |
|  bd_i/processing_system7_0/inst/FCLK_CLK0 |                                                                                                                                                          | bd_i/ps7_0_axi_periph/s00_couplers/auto_pc/inst/gen_axilite.gen_b2s_conv.axilite_b2s/SI_REG/aw.aw_pipe/s_ready_i_reg_0               |                2 |              8 |
|  bd_i/processing_system7_0/inst/FCLK_CLK0 |                                                                                                                                                          | bd_i/axi_gpio_0/U0/AXI_LITE_IPIF_I/I_SLAVE_ATTACHMENT/clear                                                                          |                1 |              8 |
|  bd_i/processing_system7_0/inst/FCLK_CLK0 | bd_i/ps7_0_axi_periph/s00_couplers/auto_pc/inst/gen_axilite.gen_b2s_conv.axilite_b2s/WR.aw_channel_0/aw_cmd_fsm_0/axaddr_wrap_reg[11][0]                 | bd_i/ps7_0_axi_periph/s00_couplers/auto_pc/inst/gen_axilite.gen_b2s_conv.axilite_b2s/WR.aw_channel_0/aw_cmd_fsm_0/axlen_cnt_reg[7]_1 |                2 |              8 |
|  bd_i/processing_system7_0/inst/FCLK_CLK0 |                                                                                                                                                          | bd_i/axi_gpio_1/U0/AXI_LITE_IPIF_I/I_SLAVE_ATTACHMENT/clear                                                                          |                2 |              8 |
|  bd_i/processing_system7_0/inst/FCLK_CLK0 | bd_i/axi_gpio_1/U0/AXI_LITE_IPIF_I/I_SLAVE_ATTACHMENT/start2                                                                                             | bd_i/axi_gpio_1/U0/AXI_LITE_IPIF_I/I_SLAVE_ATTACHMENT/I_DECODER/cs_ce_clr                                                            |                2 |              8 |
|  bd_i/processing_system7_0/inst/FCLK_CLK0 | bd_i/axi_gpio_1/U0/AXI_LITE_IPIF_I/I_SLAVE_ATTACHMENT/bus2ip_addr_i[8]_i_1_n_0                                                                           | bd_i/axi_gpio_1/U0/AXI_LITE_IPIF_I/I_SLAVE_ATTACHMENT/SR[0]                                                                          |                1 |              8 |
|  bd_i/processing_system7_0/inst/FCLK_CLK0 | bd_i/axi_gpio_0/U0/AXI_LITE_IPIF_I/I_SLAVE_ATTACHMENT/bus2ip_addr_i[8]_i_1_n_0                                                                           | bd_i/axi_gpio_0/U0/AXI_LITE_IPIF_I/I_SLAVE_ATTACHMENT/SR[0]                                                                          |                1 |              8 |
|  bd_i/processing_system7_0/inst/FCLK_CLK0 | bd_i/axi_gpio_0/U0/AXI_LITE_IPIF_I/I_SLAVE_ATTACHMENT/start2                                                                                             | bd_i/axi_gpio_0/U0/AXI_LITE_IPIF_I/I_SLAVE_ATTACHMENT/I_DECODER/cs_ce_clr                                                            |                2 |              8 |
|  bd_i/processing_system7_0/inst/FCLK_CLK0 | bd_i/axi_gpio_0/U0/AXI_LITE_IPIF_I/I_SLAVE_ATTACHMENT/I_DECODER/Dual.gpio_OE_reg[0][0]                                                                   | bd_i/axi_gpio_0/U0/AXI_LITE_IPIF_I/I_SLAVE_ATTACHMENT/SR[0]                                                                          |                1 |             10 |
|  bd_i/processing_system7_0/inst/FCLK_CLK0 |                                                                                                                                                          | bd_i/rst_ps7_0_100M/U0/EXT_LPF/lpf_int                                                                                               |                1 |             10 |
|  bd_i/processing_system7_0/inst/FCLK_CLK0 | bd_i/NAND_Flash_Controller_0/inst/NAND_Flash_Controller_v1_0_S00_AXI_inst/my_nfcm_top/addr_counter/cnt_state[11]_i_2_n_0                                 | bd_i/NAND_Flash_Controller_0/inst/NAND_Flash_Controller_v1_0_S00_AXI_inst/my_nfcm_top/main_fsm/eccByte_reg[6][1]                     |                1 |             10 |
|  bd_i/processing_system7_0/inst/FCLK_CLK0 | bd_i/rst_ps7_0_100M/U0/SEQ/seq_cnt_en                                                                                                                    | bd_i/rst_ps7_0_100M/U0/SEQ/SEQ_COUNTER/clear                                                                                         |                1 |             12 |
|  bd_i/processing_system7_0/inst/FCLK_CLK0 | bd_i/NAND_Flash_Controller_0/inst/NAND_Flash_Controller_v1_0_S00_AXI_inst/my_nfcm_top/main_fsm/FlashCmd_reg[7][0]                                        | bd_i/NAND_Flash_Controller_0/inst/NAND_Flash_Controller_v1_0_S00_AXI_inst/my_nfcm_top/ires                                           |                3 |             12 |
|  bd_i/processing_system7_0/inst/FCLK_CLK0 | bd_i/NAND_Flash_Controller_0/inst/NAND_Flash_Controller_v1_0_S00_AXI_inst/my_nfcm_top/tim_fsm/E[0]                                                       | bd_i/NAND_Flash_Controller_0/inst/NAND_Flash_Controller_v1_0_S00_AXI_inst/my_nfcm_top/main_fsm/eccByte_reg[6][0]                     |                3 |             14 |
|  bd_i/processing_system7_0/inst/FCLK_CLK0 | bd_i/NAND_Flash_Controller_0/inst/NAND_Flash_Controller_v1_0_S00_AXI_inst/my_nfcm_top/tim_fsm/eccByte_reg[6][0]                                          | bd_i/NAND_Flash_Controller_0/inst/NAND_Flash_Controller_v1_0_S00_AXI_inst/my_nfcm_top/main_fsm/eccByte_reg[6][1]                     |                2 |             14 |
|  bd_i/processing_system7_0/inst/FCLK_CLK0 | bd_i/ps7_0_axi_periph/s00_couplers/auto_pc/inst/gen_axilite.gen_b2s_conv.axilite_b2s/WR.b_channel_0/mhandshake_r                                         | bd_i/ps7_0_axi_periph/s00_couplers/auto_pc/inst/gen_axilite.gen_b2s_conv.axilite_b2s/WR.b_channel_0/bid_fifo_0/SR[0]                 |                3 |             16 |
|  bd_i/processing_system7_0/inst/FCLK_CLK0 | bd_i/axi_gpio_0/U0/AXI_LITE_IPIF_I/I_SLAVE_ATTACHMENT/I_DECODER/Dual.gpio2_OE_reg[0][0]                                                                  | bd_i/axi_gpio_0/U0/AXI_LITE_IPIF_I/I_SLAVE_ATTACHMENT/SR[0]                                                                          |                2 |             16 |
|  bd_i/processing_system7_0/inst/FCLK_CLK0 | bd_i/NAND_Flash_Controller_0/inst/NAND_Flash_Controller_v1_0_S00_AXI_inst/p_1_in[31]                                                                     | bd_i/NAND_Flash_Controller_0/inst/NAND_Flash_Controller_v1_0_S00_AXI_inst/axi_awready_i_1_n_0                                        |                1 |             16 |
|  bd_i/processing_system7_0/inst/FCLK_CLK0 | bd_i/NAND_Flash_Controller_0/inst/NAND_Flash_Controller_v1_0_S00_AXI_inst/my_nfcm_top/buff/ram                                                           | bd_i/NAND_Flash_Controller_0/inst/NAND_Flash_Controller_v1_0_S00_AXI_inst/BUF_RES                                                    |                2 |             16 |
|  bd_i/processing_system7_0/inst/FCLK_CLK0 | bd_i/NAND_Flash_Controller_0/inst/NAND_Flash_Controller_v1_0_S00_AXI_inst/p_1_in[15]                                                                     | bd_i/NAND_Flash_Controller_0/inst/NAND_Flash_Controller_v1_0_S00_AXI_inst/axi_awready_i_1_n_0                                        |                1 |             16 |
|  bd_i/processing_system7_0/inst/FCLK_CLK0 |                                                                                                                                                          | bd_i/axi_gpio_1/U0/gpio_core_1/Read_Reg_Rst__0                                                                                       |                1 |             16 |
|  bd_i/processing_system7_0/inst/FCLK_CLK0 | bd_i/NAND_Flash_Controller_0/inst/NAND_Flash_Controller_v1_0_S00_AXI_inst/slv_reg0[15]_i_1_n_0                                                           | bd_i/NAND_Flash_Controller_0/inst/NAND_Flash_Controller_v1_0_S00_AXI_inst/axi_awready_i_1_n_0                                        |                1 |             16 |
|  bd_i/processing_system7_0/inst/FCLK_CLK0 | bd_i/NAND_Flash_Controller_0/inst/NAND_Flash_Controller_v1_0_S00_AXI_inst/slv_reg0[23]_i_1_n_0                                                           | bd_i/NAND_Flash_Controller_0/inst/NAND_Flash_Controller_v1_0_S00_AXI_inst/axi_awready_i_1_n_0                                        |                1 |             16 |
|  bd_i/processing_system7_0/inst/FCLK_CLK0 | bd_i/NAND_Flash_Controller_0/inst/NAND_Flash_Controller_v1_0_S00_AXI_inst/slv_reg0[7]_i_1_n_0                                                            | bd_i/NAND_Flash_Controller_0/inst/NAND_Flash_Controller_v1_0_S00_AXI_inst/axi_awready_i_1_n_0                                        |                1 |             16 |
|  bd_i/processing_system7_0/inst/FCLK_CLK0 | bd_i/NAND_Flash_Controller_0/inst/NAND_Flash_Controller_v1_0_S00_AXI_inst/slv_reg0[31]_i_1_n_0                                                           | bd_i/NAND_Flash_Controller_0/inst/NAND_Flash_Controller_v1_0_S00_AXI_inst/axi_awready_i_1_n_0                                        |                1 |             16 |
|  bd_i/processing_system7_0/inst/FCLK_CLK0 | bd_i/NAND_Flash_Controller_0/inst/NAND_Flash_Controller_v1_0_S00_AXI_inst/p_1_in[23]                                                                     | bd_i/NAND_Flash_Controller_0/inst/NAND_Flash_Controller_v1_0_S00_AXI_inst/axi_awready_i_1_n_0                                        |                1 |             16 |
|  bd_i/processing_system7_0/inst/FCLK_CLK0 | bd_i/NAND_Flash_Controller_0/inst/NAND_Flash_Controller_v1_0_S00_AXI_inst/p_1_in[7]                                                                      | bd_i/NAND_Flash_Controller_0/inst/NAND_Flash_Controller_v1_0_S00_AXI_inst/axi_awready_i_1_n_0                                        |                2 |             16 |
|  bd_i/processing_system7_0/inst/FCLK_CLK0 | bd_i/axi_gpio_1/U0/AXI_LITE_IPIF_I/I_SLAVE_ATTACHMENT/s_axi_rresp_i                                                                                      | bd_i/axi_gpio_1/U0/AXI_LITE_IPIF_I/I_SLAVE_ATTACHMENT/SR[0]                                                                          |                2 |             18 |
|  bd_i/processing_system7_0/inst/FCLK_CLK0 | bd_i/axi_gpio_0/U0/AXI_LITE_IPIF_I/I_SLAVE_ATTACHMENT/s_axi_rresp_i                                                                                      | bd_i/axi_gpio_0/U0/AXI_LITE_IPIF_I/I_SLAVE_ATTACHMENT/SR[0]                                                                          |                2 |             18 |
|  bd_i/processing_system7_0/inst/FCLK_CLK0 |                                                                                                                                                          | bd_i/NAND_Flash_Controller_0/inst/NAND_Flash_Controller_v1_0_S00_AXI_inst/axi_awready_i_1_n_0                                        |                3 |             20 |
|  bd_i/processing_system7_0/inst/FCLK_CLK0 | bd_i/ps7_0_axi_periph/s00_couplers/auto_pc/inst/gen_axilite.gen_b2s_conv.axilite_b2s/RD.ar_channel_0/ar_cmd_fsm_0/axaddr_incr_reg[0][0]                  |                                                                                                                                      |                2 |             24 |
|  bd_i/processing_system7_0/inst/FCLK_CLK0 | bd_i/ps7_0_axi_periph/s00_couplers/auto_pc/inst/gen_axilite.gen_b2s_conv.axilite_b2s/RD.ar_channel_0/ar_cmd_fsm_0/wrap_boundary_axaddr_r_reg[11][0]      |                                                                                                                                      |                5 |             24 |
|  bd_i/processing_system7_0/inst/FCLK_CLK0 | bd_i/ps7_0_axi_periph/s00_couplers/auto_pc/inst/gen_axilite.gen_b2s_conv.axilite_b2s/WR.aw_channel_0/aw_cmd_fsm_0/E[0]                                   |                                                                                                                                      |                4 |             24 |
|  bd_i/processing_system7_0/inst/FCLK_CLK0 | bd_i/ps7_0_axi_periph/s00_couplers/auto_pc/inst/gen_axilite.gen_b2s_conv.axilite_b2s/WR.aw_channel_0/cmd_translator_0/incr_cmd_0/axaddr_incr[11]_i_1_n_0 |                                                                                                                                      |                2 |             24 |
|  bd_i/processing_system7_0/inst/FCLK_CLK0 | bd_i/ps7_0_axi_periph/s00_couplers/auto_pc/inst/gen_axilite.gen_b2s_conv.axilite_b2s/RD.r_channel_0/r_push_r                                             |                                                                                                                                      |                4 |             26 |
|  bd_i/processing_system7_0/inst/FCLK_CLK0 |                                                                                                                                                          | bd_i/ps7_0_axi_periph/xbar/inst/gen_sasd.crossbar_sasd_0/addr_arbiter_inst/SR[0]                                                     |                5 |             26 |
|  bd_i/processing_system7_0/inst/FCLK_CLK0 |                                                                                                                                                          | bd_i/axi_gpio_0/U0/AXI_LITE_IPIF_I/I_SLAVE_ATTACHMENT/I_DECODER/Dual.ALLIN0_ND_G0.READ_REG_GEN[0].reg1_reg[27]                       |                6 |             26 |
|  bd_i/processing_system7_0/inst/FCLK_CLK0 | bd_i/ps7_0_axi_periph/s00_couplers/auto_pc/inst/gen_axilite.gen_b2s_conv.axilite_b2s/SI_REG/b.b_pipe/skid_buffer_reg[0]_0                                |                                                                                                                                      |                2 |             28 |
|  bd_i/processing_system7_0/inst/FCLK_CLK0 | bd_i/ps7_0_axi_periph/s00_couplers/auto_pc/inst/gen_axilite.gen_b2s_conv.axilite_b2s/SI_REG/b.b_pipe/p_1_in                                              |                                                                                                                                      |                2 |             28 |
|  bd_i/processing_system7_0/inst/FCLK_CLK0 | bd_i/ps7_0_axi_periph/xbar/inst/gen_sasd.crossbar_sasd_0/reg_slice_r/aa_rready                                                                           |                                                                                                                                      |                8 |             30 |
|  bd_i/processing_system7_0/inst/FCLK_CLK0 | bd_i/axi_gpio_1/U0/AXI_LITE_IPIF_I/I_SLAVE_ATTACHMENT/I_DECODER/E[0]                                                                                     | bd_i/axi_gpio_1/U0/AXI_LITE_IPIF_I/I_SLAVE_ATTACHMENT/SR[0]                                                                          |                3 |             32 |
|  bd_i/processing_system7_0/inst/FCLK_CLK0 | bd_i/ps7_0_axi_periph/s00_couplers/auto_pc/inst/gen_axilite.gen_b2s_conv.axilite_b2s/WR.aw_channel_0/aw_cmd_fsm_0/b_push                                 |                                                                                                                                      |                3 |             32 |
|  bd_i/processing_system7_0/inst/FCLK_CLK0 | bd_i/NAND_Flash_Controller_0/inst/NAND_Flash_Controller_v1_0_S00_AXI_inst/my_nfcm_top/main_fsm/E[0]                                                      |                                                                                                                                      |                3 |             32 |
|  bd_i/processing_system7_0/inst/FCLK_CLK0 | bd_i/ps7_0_axi_periph/xbar/inst/gen_sasd.crossbar_sasd_0/addr_arbiter_inst/p_0_in1_in                                                                    | bd_i/ps7_0_axi_periph/xbar/inst/gen_sasd.crossbar_sasd_0/addr_arbiter_inst/SR[0]                                                     |                7 |             38 |
|  bd_i/processing_system7_0/inst/FCLK_CLK0 |                                                                                                                                                          | bd_i/NAND_Flash_Controller_0/inst/NAND_Flash_Controller_v1_0_S00_AXI_inst/my_nfcm_top/ires                                           |               13 |             38 |
|  bd_i/processing_system7_0/inst/FCLK_CLK0 | bd_i/ps7_0_axi_periph/s00_couplers/auto_pc/inst/gen_axilite.gen_b2s_conv.axilite_b2s/RD.ar_channel_0/ar_cmd_fsm_0/E[0]                                   |                                                                                                                                      |                6 |             40 |
|  bd_i/processing_system7_0/inst/FCLK_CLK0 | bd_i/ps7_0_axi_periph/s00_couplers/auto_pc/inst/gen_axilite.gen_b2s_conv.axilite_b2s/WR.aw_channel_0/aw_cmd_fsm_0/axaddr_wrap_reg[11][0]                 |                                                                                                                                      |                6 |             40 |
|  bd_i/processing_system7_0/inst/FCLK_CLK0 |                                                                                                                                                          | bd_i/axi_gpio_0/U0/AXI_LITE_IPIF_I/I_SLAVE_ATTACHMENT/SR[0]                                                                          |                7 |             48 |
|  bd_i/processing_system7_0/inst/FCLK_CLK0 |                                                                                                                                                          | bd_i/axi_gpio_1/U0/AXI_LITE_IPIF_I/I_SLAVE_ATTACHMENT/SR[0]                                                                          |                7 |             48 |
|  bd_i/processing_system7_0/inst/FCLK_CLK0 | bd_i/NAND_Flash_Controller_0/inst/NAND_Flash_Controller_v1_0_S00_AXI_inst/slv_reg_rden__0                                                                | bd_i/NAND_Flash_Controller_0/inst/NAND_Flash_Controller_v1_0_S00_AXI_inst/axi_awready_i_1_n_0                                        |               12 |             64 |
|  bd_i/processing_system7_0/inst/FCLK_CLK0 | bd_i/ps7_0_axi_periph/s00_couplers/auto_pc/inst/gen_axilite.gen_b2s_conv.axilite_b2s/RD.r_channel_0/rd_data_fifo_0/wr_en0                                |                                                                                                                                      |                9 |             68 |
|  bd_i/processing_system7_0/inst/FCLK_CLK0 | bd_i/ps7_0_axi_periph/xbar/inst/gen_sasd.crossbar_sasd_0/addr_arbiter_inst/E[0]                                                                          |                                                                                                                                      |                7 |             70 |
|  bd_i/processing_system7_0/inst/FCLK_CLK0 | bd_i/ps7_0_axi_periph/s00_couplers/auto_pc/inst/gen_axilite.gen_b2s_conv.axilite_b2s/SI_REG/r.r_pipe/p_1_in                                              |                                                                                                                                      |                7 |             94 |
|  bd_i/processing_system7_0/inst/FCLK_CLK0 | bd_i/ps7_0_axi_periph/s00_couplers/auto_pc/inst/gen_axilite.gen_b2s_conv.axilite_b2s/SI_REG/r.r_pipe/skid_buffer_reg[0]_0                                |                                                                                                                                      |                7 |             94 |
|  bd_i/processing_system7_0/inst/FCLK_CLK0 | bd_i/ps7_0_axi_periph/s00_couplers/auto_pc/inst/gen_axilite.gen_b2s_conv.axilite_b2s/SI_REG/ar.ar_pipe/s_axi_arready                                     |                                                                                                                                      |               13 |             96 |
|  bd_i/processing_system7_0/inst/FCLK_CLK0 | bd_i/ps7_0_axi_periph/s00_couplers/auto_pc/inst/gen_axilite.gen_b2s_conv.axilite_b2s/SI_REG/aw.aw_pipe/s_axi_awready                                     |                                                                                                                                      |               12 |             96 |
|  bd_i/processing_system7_0/inst/FCLK_CLK0 | bd_i/ps7_0_axi_periph/s00_couplers/auto_pc/inst/gen_axilite.gen_b2s_conv.axilite_b2s/RD.ar_channel_0/ar_cmd_fsm_0/m_payload_i_reg[0]_1[0]                |                                                                                                                                      |               11 |             96 |
|  bd_i/processing_system7_0/inst/FCLK_CLK0 | bd_i/ps7_0_axi_periph/s00_couplers/auto_pc/inst/gen_axilite.gen_b2s_conv.axilite_b2s/WR.aw_channel_0/aw_cmd_fsm_0/m_payload_i_reg[0][0]                  |                                                                                                                                      |               10 |             96 |
|  bd_i/processing_system7_0/inst/FCLK_CLK0 |                                                                                                                                                          | bd_i/ps7_0_axi_periph/s00_couplers/auto_pc/inst/gen_axilite.gen_b2s_conv.axilite_b2s/areset_d1                                       |               14 |            120 |
|  bd_i/processing_system7_0/inst/FCLK_CLK0 |                                                                                                                                                          |                                                                                                                                      |               86 |            526 |
+-------------------------------------------+----------------------------------------------------------------------------------------------------------------------------------------------------------+--------------------------------------------------------------------------------------------------------------------------------------+------------------+----------------+


