
*** Running vivado
    with args -log bd_wrapper.vdi -applog -m64 -product Vivado -messageDb vivado.pb -mode batch -source bd_wrapper.tcl -notrace


****** Vivado v2018.2 (64-bit)
  **** SW Build 2258646 on Thu Jun 14 20:02:38 MDT 2018
  **** IP Build 2256618 on Thu Jun 14 22:10:49 MDT 2018
    ** Copyright 1986-2018 Xilinx, Inc. All Rights Reserved.

source bd_wrapper.tcl -notrace
INFO: [IP_Flow 19-234] Refreshing IP repositories
INFO: [IP_Flow 19-1700] Loaded user IP repository '/home/adam/COMSE6424/ZedBoard/ip_repo/NAND_Flash_Controller/NAND_Flash_Controller_1.0'.
INFO: [IP_Flow 19-2313] Loaded Vivado IP repository '/opt/Xilinx/Vivado/2018.2/data/ip'.
Command: link_design -top bd_wrapper -part xc7z020clg484-1
Design is defaulting to srcset: sources_1
Design is defaulting to constrset: constrs_1
INFO: [Project 1-454] Reading design checkpoint '/home/adam/COMSE6424/ZedBoard/K9F1G08U0E_controller/K9F1G08U0E_controller.srcs/sources_1/bd/bd/ip/bd_NAND_Flash_Controller_0_0/bd_NAND_Flash_Controller_0_0.dcp' for cell 'bd_i/NAND_Flash_Controller_0'
INFO: [Project 1-454] Reading design checkpoint '/home/adam/COMSE6424/ZedBoard/K9F1G08U0E_controller/K9F1G08U0E_controller.srcs/sources_1/bd/bd/ip/bd_processing_system7_0_3/bd_processing_system7_0_3.dcp' for cell 'bd_i/processing_system7_0'
INFO: [Project 1-454] Reading design checkpoint '/home/adam/COMSE6424/ZedBoard/K9F1G08U0E_controller/K9F1G08U0E_controller.srcs/sources_1/bd/bd/ip/bd_rst_ps7_0_100M_0/bd_rst_ps7_0_100M_0.dcp' for cell 'bd_i/rst_ps7_0_100M'
INFO: [Project 1-454] Reading design checkpoint '/home/adam/COMSE6424/ZedBoard/K9F1G08U0E_controller/K9F1G08U0E_controller.srcs/sources_1/bd/bd/ip/bd_auto_pc_0/bd_auto_pc_0.dcp' for cell 'bd_i/ps7_0_axi_periph/s00_couplers/auto_pc'
INFO: [Netlist 29-17] Analyzing 34 Unisim elements for replacement
INFO: [Netlist 29-28] Unisim Transformation completed in 0 CPU seconds
INFO: [Project 1-479] Netlist was created with Vivado 2018.2
INFO: [Device 21-403] Loading part xc7z020clg484-1
INFO: [Project 1-570] Preparing netlist for logic optimization
INFO: [Opt 31-141] Inserted 8 OBUFs to IO ports without IO buffers.
Parsing XDC File [/home/adam/COMSE6424/ZedBoard/K9F1G08U0E_controller/K9F1G08U0E_controller.srcs/sources_1/bd/bd/ip/bd_processing_system7_0_3/bd_processing_system7_0_3.xdc] for cell 'bd_i/processing_system7_0/inst'
Finished Parsing XDC File [/home/adam/COMSE6424/ZedBoard/K9F1G08U0E_controller/K9F1G08U0E_controller.srcs/sources_1/bd/bd/ip/bd_processing_system7_0_3/bd_processing_system7_0_3.xdc] for cell 'bd_i/processing_system7_0/inst'
Parsing XDC File [/home/adam/COMSE6424/ZedBoard/K9F1G08U0E_controller/K9F1G08U0E_controller.srcs/sources_1/bd/bd/ip/bd_rst_ps7_0_100M_0/bd_rst_ps7_0_100M_0_board.xdc] for cell 'bd_i/rst_ps7_0_100M/U0'
Finished Parsing XDC File [/home/adam/COMSE6424/ZedBoard/K9F1G08U0E_controller/K9F1G08U0E_controller.srcs/sources_1/bd/bd/ip/bd_rst_ps7_0_100M_0/bd_rst_ps7_0_100M_0_board.xdc] for cell 'bd_i/rst_ps7_0_100M/U0'
Parsing XDC File [/home/adam/COMSE6424/ZedBoard/K9F1G08U0E_controller/K9F1G08U0E_controller.srcs/sources_1/bd/bd/ip/bd_rst_ps7_0_100M_0/bd_rst_ps7_0_100M_0.xdc] for cell 'bd_i/rst_ps7_0_100M/U0'
Finished Parsing XDC File [/home/adam/COMSE6424/ZedBoard/K9F1G08U0E_controller/K9F1G08U0E_controller.srcs/sources_1/bd/bd/ip/bd_rst_ps7_0_100M_0/bd_rst_ps7_0_100M_0.xdc] for cell 'bd_i/rst_ps7_0_100M/U0'
Parsing XDC File [/home/adam/COMSE6424/ZedBoard/K9F1G08U0E_controller/K9F1G08U0E_controller.srcs/constrs_1/imports/constrs_2/zedboard_master_XDC_RevC_D_v3.xdc]
INFO: [Constraints 18-483] create_clock: no pin(s)/port(s)/net(s) specified as objects, only virtual clock 'clk' will be created. If you don't want this, please specify pin(s)/ports(s)/net(s) as objects to the command. [/home/adam/COMSE6424/ZedBoard/K9F1G08U0E_controller/K9F1G08U0E_controller.srcs/constrs_1/imports/constrs_2/zedboard_master_XDC_RevC_D_v3.xdc:1]
WARNING: [Vivado 12-584] No ports matched ''. [/home/adam/COMSE6424/ZedBoard/K9F1G08U0E_controller/K9F1G08U0E_controller.srcs/constrs_1/imports/constrs_2/zedboard_master_XDC_RevC_D_v3.xdc:49]
CRITICAL WARNING: [Common 17-55] 'set_property' expects at least one object. [/home/adam/COMSE6424/ZedBoard/K9F1G08U0E_controller/K9F1G08U0E_controller.srcs/constrs_1/imports/constrs_2/zedboard_master_XDC_RevC_D_v3.xdc:49]
Resolution: If [get_<value>] was used to populate the object, check to make sure this command returns at least one valid object.
WARNING: [Vivado 12-584] No ports matched ''. [/home/adam/COMSE6424/ZedBoard/K9F1G08U0E_controller/K9F1G08U0E_controller.srcs/constrs_1/imports/constrs_2/zedboard_master_XDC_RevC_D_v3.xdc:50]
CRITICAL WARNING: [Common 17-55] 'set_property' expects at least one object. [/home/adam/COMSE6424/ZedBoard/K9F1G08U0E_controller/K9F1G08U0E_controller.srcs/constrs_1/imports/constrs_2/zedboard_master_XDC_RevC_D_v3.xdc:50]
Resolution: If [get_<value>] was used to populate the object, check to make sure this command returns at least one valid object.
Finished Parsing XDC File [/home/adam/COMSE6424/ZedBoard/K9F1G08U0E_controller/K9F1G08U0E_controller.srcs/constrs_1/imports/constrs_2/zedboard_master_XDC_RevC_D_v3.xdc]
INFO: [Opt 31-138] Pushed 0 inverter(s) to 0 load pin(s).
INFO: [Project 1-111] Unisim Transformation Summary:
No Unisim elements were transformed.

16 Infos, 2 Warnings, 2 Critical Warnings and 0 Errors encountered.
link_design completed successfully
link_design: Time (s): cpu = 00:00:08 ; elapsed = 00:00:18 . Memory (MB): peak = 1717.332 ; gain = 467.277 ; free physical = 2183 ; free virtual = 8075
Command: opt_design
Attempting to get a license for feature 'Implementation' and/or device 'xc7z020'
INFO: [Common 17-349] Got license for feature 'Implementation' and/or device 'xc7z020'
Running DRC as a precondition to command opt_design

Starting DRC Task
INFO: [DRC 23-27] Running DRC with 8 threads
WARNING: [DRC RPBF-3] IO port buffering is incomplete: Device port DIO[0] expects both input and output buffering but the buffers are incomplete.
WARNING: [DRC RPBF-3] IO port buffering is incomplete: Device port DIO[1] expects both input and output buffering but the buffers are incomplete.
WARNING: [DRC RPBF-3] IO port buffering is incomplete: Device port DIO[2] expects both input and output buffering but the buffers are incomplete.
WARNING: [DRC RPBF-3] IO port buffering is incomplete: Device port DIO[3] expects both input and output buffering but the buffers are incomplete.
WARNING: [DRC RPBF-3] IO port buffering is incomplete: Device port DIO[4] expects both input and output buffering but the buffers are incomplete.
WARNING: [DRC RPBF-3] IO port buffering is incomplete: Device port DIO[5] expects both input and output buffering but the buffers are incomplete.
WARNING: [DRC RPBF-3] IO port buffering is incomplete: Device port DIO[6] expects both input and output buffering but the buffers are incomplete.
WARNING: [DRC RPBF-3] IO port buffering is incomplete: Device port DIO[7] expects both input and output buffering but the buffers are incomplete.
INFO: [Project 1-461] DRC finished with 0 Errors, 8 Warnings
INFO: [Project 1-462] Please refer to the DRC report (report_drc) for more information.

Time (s): cpu = 00:00:00.80 ; elapsed = 00:00:00.84 . Memory (MB): peak = 1717.332 ; gain = 0.000 ; free physical = 2181 ; free virtual = 8073

Starting Cache Timing Information Task
INFO: [Constraints 18-483] create_clock: no pin(s)/port(s)/net(s) specified as objects, only virtual clock 'clk' will be created. If you don't want this, please specify pin(s)/ports(s)/net(s) as objects to the command. [/home/adam/COMSE6424/ZedBoard/K9F1G08U0E_controller/K9F1G08U0E_controller.srcs/constrs_1/imports/constrs_2/zedboard_master_XDC_RevC_D_v3.xdc:1]
INFO: [Timing 38-35] Done setting XDC timing constraints.
Ending Cache Timing Information Task | Checksum: 137994cda

Time (s): cpu = 00:00:07 ; elapsed = 00:00:15 . Memory (MB): peak = 2144.879 ; gain = 427.547 ; free physical = 1735 ; free virtual = 7656

Starting Logic Optimization Task

Phase 1 Retarget
INFO: [Opt 31-138] Pushed 0 inverter(s) to 0 load pin(s).
INFO: [Opt 31-49] Retargeted 0 cell(s).
Phase 1 Retarget | Checksum: 117d71c58

Time (s): cpu = 00:00:00.12 ; elapsed = 00:00:00.09 . Memory (MB): peak = 2144.879 ; gain = 0.000 ; free physical = 1733 ; free virtual = 7653
INFO: [Opt 31-389] Phase Retarget created 0 cells and removed 0 cells

Phase 2 Constant propagation
INFO: [Opt 31-138] Pushed 0 inverter(s) to 0 load pin(s).
Phase 2 Constant propagation | Checksum: 1472c028f

Time (s): cpu = 00:00:00.14 ; elapsed = 00:00:00.11 . Memory (MB): peak = 2144.879 ; gain = 0.000 ; free physical = 1738 ; free virtual = 7657
INFO: [Opt 31-389] Phase Constant propagation created 0 cells and removed 8 cells

Phase 3 Sweep
Phase 3 Sweep | Checksum: edc99dfd

Time (s): cpu = 00:00:00.35 ; elapsed = 00:00:00.32 . Memory (MB): peak = 2144.879 ; gain = 0.000 ; free physical = 1734 ; free virtual = 7654
INFO: [Opt 31-389] Phase Sweep created 0 cells and removed 389 cells

Phase 4 BUFG optimization
Phase 4 BUFG optimization | Checksum: edc99dfd

Time (s): cpu = 00:00:00.38 ; elapsed = 00:00:00.35 . Memory (MB): peak = 2144.879 ; gain = 0.000 ; free physical = 1734 ; free virtual = 7653
INFO: [Opt 31-662] Phase BUFG optimization created 0 cells of which 0 are BUFGs and removed 0 cells.

Phase 5 Shift Register Optimization
Phase 5 Shift Register Optimization | Checksum: 628bb14d

Time (s): cpu = 00:00:00.53 ; elapsed = 00:00:00.44 . Memory (MB): peak = 2144.879 ; gain = 0.000 ; free physical = 1734 ; free virtual = 7654
INFO: [Opt 31-389] Phase Shift Register Optimization created 0 cells and removed 0 cells

Phase 6 Post Processing Netlist
Phase 6 Post Processing Netlist | Checksum: 628bb14d

Time (s): cpu = 00:00:00.57 ; elapsed = 00:00:00.46 . Memory (MB): peak = 2144.879 ; gain = 0.000 ; free physical = 1734 ; free virtual = 7654
INFO: [Opt 31-389] Phase Post Processing Netlist created 0 cells and removed 0 cells

Starting Connectivity Check Task

Time (s): cpu = 00:00:00 ; elapsed = 00:00:00 . Memory (MB): peak = 2144.879 ; gain = 0.000 ; free physical = 1734 ; free virtual = 7654
Ending Logic Optimization Task | Checksum: 628bb14d

Time (s): cpu = 00:00:00.58 ; elapsed = 00:00:00.47 . Memory (MB): peak = 2144.879 ; gain = 0.000 ; free physical = 1734 ; free virtual = 7654

Starting Power Optimization Task
INFO: [Pwropt 34-132] Skipping clock gating for clocks with a period < 2.00 ns.
INFO: [Pwropt 34-9] Applying IDT optimizations ...
INFO: [Pwropt 34-10] Applying ODC optimizations ...
INFO: [Constraints 18-483] create_clock: no pin(s)/port(s)/net(s) specified as objects, only virtual clock 'clk' will be created. If you don't want this, please specify pin(s)/ports(s)/net(s) as objects to the command. [/home/adam/COMSE6424/ZedBoard/K9F1G08U0E_controller/K9F1G08U0E_controller.srcs/constrs_1/imports/constrs_2/zedboard_master_XDC_RevC_D_v3.xdc:1]
INFO: [Timing 38-35] Done setting XDC timing constraints.
INFO: [Physopt 32-619] Estimated Timing Summary | WNS=4.616 | TNS=0.000 |
Running Vector-less Activity Propagation...

Finished Running Vector-less Activity Propagation


Starting PowerOpt Patch Enables Task
INFO: [Pwropt 34-162] WRITE_MODE attribute of 0 BRAM(s) out of a total of 1 has been updated to save power. Run report_power_opt to get a complete listing of the BRAMs updated.
INFO: [Pwropt 34-201] Structural ODC has moved 0 WE to EN ports
Number of BRAM Ports augmented: 0 newly gated: 0 Total Ports: 2
Ending PowerOpt Patch Enables Task | Checksum: 628bb14d

Time (s): cpu = 00:00:00.01 ; elapsed = 00:00:00.01 . Memory (MB): peak = 2469.164 ; gain = 0.000 ; free physical = 1702 ; free virtual = 7628
Ending Power Optimization Task | Checksum: 628bb14d

Time (s): cpu = 00:00:00.88 ; elapsed = 00:00:00.63 . Memory (MB): peak = 2469.164 ; gain = 324.285 ; free physical = 1707 ; free virtual = 7633

Starting Final Cleanup Task
Ending Final Cleanup Task | Checksum: 628bb14d

Time (s): cpu = 00:00:00 ; elapsed = 00:00:00 . Memory (MB): peak = 2469.164 ; gain = 0.000 ; free physical = 1707 ; free virtual = 7633
INFO: [Common 17-83] Releasing license: Implementation
40 Infos, 10 Warnings, 2 Critical Warnings and 0 Errors encountered.
opt_design completed successfully
opt_design: Time (s): cpu = 00:00:09 ; elapsed = 00:00:17 . Memory (MB): peak = 2469.164 ; gain = 751.832 ; free physical = 1707 ; free virtual = 7633
INFO: [Timing 38-480] Writing timing data to binary archive.
Writing placer database...
Writing XDEF routing.
Writing XDEF routing logical nets.
Writing XDEF routing special nets.
Write XDEF Complete: Time (s): cpu = 00:00:00.07 ; elapsed = 00:00:00.02 . Memory (MB): peak = 2469.164 ; gain = 0.000 ; free physical = 1701 ; free virtual = 7630
INFO: [Common 17-1381] The checkpoint '/home/adam/COMSE6424/ZedBoard/K9F1G08U0E_controller/K9F1G08U0E_controller.runs/impl_1/bd_wrapper_opt.dcp' has been generated.
INFO: [runtcl-4] Executing : report_drc -file bd_wrapper_drc_opted.rpt -pb bd_wrapper_drc_opted.pb -rpx bd_wrapper_drc_opted.rpx
Command: report_drc -file bd_wrapper_drc_opted.rpt -pb bd_wrapper_drc_opted.pb -rpx bd_wrapper_drc_opted.rpx
INFO: [DRC 23-27] Running DRC with 8 threads
INFO: [Coretcl 2-168] The results of DRC are in file /home/adam/COMSE6424/ZedBoard/K9F1G08U0E_controller/K9F1G08U0E_controller.runs/impl_1/bd_wrapper_drc_opted.rpt.
report_drc completed successfully
Command: place_design
Attempting to get a license for feature 'Implementation' and/or device 'xc7z020'
INFO: [Common 17-349] Got license for feature 'Implementation' and/or device 'xc7z020'
INFO: [DRC 23-27] Running DRC with 8 threads
INFO: [Vivado_Tcl 4-198] DRC finished with 0 Errors
INFO: [Vivado_Tcl 4-199] Please refer to the DRC report (report_drc) for more information.
Running DRC as a precondition to command place_design
INFO: [DRC 23-27] Running DRC with 8 threads
WARNING: [DRC RPBF-3] IO port buffering is incomplete: Device port DIO[0] expects both input and output buffering but the buffers are incomplete.
WARNING: [DRC RPBF-3] IO port buffering is incomplete: Device port DIO[1] expects both input and output buffering but the buffers are incomplete.
WARNING: [DRC RPBF-3] IO port buffering is incomplete: Device port DIO[2] expects both input and output buffering but the buffers are incomplete.
WARNING: [DRC RPBF-3] IO port buffering is incomplete: Device port DIO[3] expects both input and output buffering but the buffers are incomplete.
WARNING: [DRC RPBF-3] IO port buffering is incomplete: Device port DIO[4] expects both input and output buffering but the buffers are incomplete.
WARNING: [DRC RPBF-3] IO port buffering is incomplete: Device port DIO[5] expects both input and output buffering but the buffers are incomplete.
WARNING: [DRC RPBF-3] IO port buffering is incomplete: Device port DIO[6] expects both input and output buffering but the buffers are incomplete.
WARNING: [DRC RPBF-3] IO port buffering is incomplete: Device port DIO[7] expects both input and output buffering but the buffers are incomplete.
INFO: [Vivado_Tcl 4-198] DRC finished with 0 Errors, 8 Warnings
INFO: [Vivado_Tcl 4-199] Please refer to the DRC report (report_drc) for more information.

Starting Placer Task
INFO: [Place 30-611] Multithreading enabled for place_design using a maximum of 8 CPUs

Phase 1 Placer Initialization

Phase 1.1 Placer Initialization Netlist Sorting
Netlist sorting complete. Time (s): cpu = 00:00:00 ; elapsed = 00:00:00 . Memory (MB): peak = 2469.164 ; gain = 0.000 ; free physical = 1639 ; free virtual = 7561
Phase 1.1 Placer Initialization Netlist Sorting | Checksum: 4ac4847e

Time (s): cpu = 00:00:00.03 ; elapsed = 00:00:00.06 . Memory (MB): peak = 2469.164 ; gain = 0.000 ; free physical = 1639 ; free virtual = 7561
Netlist sorting complete. Time (s): cpu = 00:00:00.01 ; elapsed = 00:00:00.01 . Memory (MB): peak = 2469.164 ; gain = 0.000 ; free physical = 1639 ; free virtual = 7561

Phase 1.2 IO Placement/ Clock Placement/ Build Placer Device
INFO: [Constraints 18-483] create_clock: no pin(s)/port(s)/net(s) specified as objects, only virtual clock 'clk' will be created. If you don't want this, please specify pin(s)/ports(s)/net(s) as objects to the command. [/home/adam/COMSE6424/ZedBoard/K9F1G08U0E_controller/K9F1G08U0E_controller.srcs/constrs_1/imports/constrs_2/zedboard_master_XDC_RevC_D_v3.xdc:1]
INFO: [Timing 38-35] Done setting XDC timing constraints.
Phase 1.2 IO Placement/ Clock Placement/ Build Placer Device | Checksum: 1929f6509

Time (s): cpu = 00:00:01 ; elapsed = 00:00:01 . Memory (MB): peak = 2469.164 ; gain = 0.000 ; free physical = 1638 ; free virtual = 7557

Phase 1.3 Build Placer Netlist Model
Phase 1.3 Build Placer Netlist Model | Checksum: 150efab8d

Time (s): cpu = 00:00:02 ; elapsed = 00:00:01 . Memory (MB): peak = 2469.164 ; gain = 0.000 ; free physical = 1635 ; free virtual = 7555

Phase 1.4 Constrain Clocks/Macros
Phase 1.4 Constrain Clocks/Macros | Checksum: 150efab8d

Time (s): cpu = 00:00:02 ; elapsed = 00:00:01 . Memory (MB): peak = 2469.164 ; gain = 0.000 ; free physical = 1635 ; free virtual = 7555
Phase 1 Placer Initialization | Checksum: 150efab8d

Time (s): cpu = 00:00:02 ; elapsed = 00:00:01 . Memory (MB): peak = 2469.164 ; gain = 0.000 ; free physical = 1635 ; free virtual = 7555

Phase 2 Global Placement

Phase 2.1 Floorplanning
Phase 2.1 Floorplanning | Checksum: 1a32f1b68

Time (s): cpu = 00:00:02 ; elapsed = 00:00:01 . Memory (MB): peak = 2489.188 ; gain = 20.023 ; free physical = 1623 ; free virtual = 7542

Phase 2.2 Physical Synthesis In Placer
INFO: [Physopt 32-65] No nets found for high-fanout optimization.
INFO: [Physopt 32-232] Optimized 0 net. Created 0 new instance.
INFO: [Physopt 32-775] End 1 Pass. Optimized 0 net or cell. Created 0 new cell, deleted 0 existing cell and moved 0 existing cell
Netlist sorting complete. Time (s): cpu = 00:00:00 ; elapsed = 00:00:00.01 . Memory (MB): peak = 2489.188 ; gain = 0.000 ; free physical = 1493 ; free virtual = 7490

Summary of Physical Synthesis Optimizations
============================================


-----------------------------------------------------------------------------------------------------------------------------
|  Optimization       |  Added Cells  |  Removed Cells  |  Optimized Cells/Nets  |  Dont Touch  |  Iterations  |  Elapsed   |
-----------------------------------------------------------------------------------------------------------------------------
|  Very High Fanout   |            0  |              0  |                     0  |           0  |           1  |  00:00:00  |
|  Total              |            0  |              0  |                     0  |           0  |           1  |  00:00:00  |
-----------------------------------------------------------------------------------------------------------------------------


Phase 2.2 Physical Synthesis In Placer | Checksum: 190bbd0d1

Time (s): cpu = 00:00:12 ; elapsed = 00:00:04 . Memory (MB): peak = 2489.188 ; gain = 20.023 ; free physical = 1493 ; free virtual = 7490
Phase 2 Global Placement | Checksum: 16869f117

Time (s): cpu = 00:00:13 ; elapsed = 00:00:04 . Memory (MB): peak = 2489.188 ; gain = 20.023 ; free physical = 1491 ; free virtual = 7487

Phase 3 Detail Placement

Phase 3.1 Commit Multi Column Macros
Phase 3.1 Commit Multi Column Macros | Checksum: 16869f117

Time (s): cpu = 00:00:13 ; elapsed = 00:00:04 . Memory (MB): peak = 2489.188 ; gain = 20.023 ; free physical = 1491 ; free virtual = 7487

Phase 3.2 Commit Most Macros & LUTRAMs
Phase 3.2 Commit Most Macros & LUTRAMs | Checksum: 14779a4f8

Time (s): cpu = 00:00:13 ; elapsed = 00:00:04 . Memory (MB): peak = 2489.188 ; gain = 20.023 ; free physical = 1490 ; free virtual = 7487

Phase 3.3 Area Swap Optimization
Phase 3.3 Area Swap Optimization | Checksum: 2034882df

Time (s): cpu = 00:00:13 ; elapsed = 00:00:04 . Memory (MB): peak = 2489.188 ; gain = 20.023 ; free physical = 1490 ; free virtual = 7487

Phase 3.4 Pipeline Register Optimization
Phase 3.4 Pipeline Register Optimization | Checksum: 2034882df

Time (s): cpu = 00:00:13 ; elapsed = 00:00:04 . Memory (MB): peak = 2489.188 ; gain = 20.023 ; free physical = 1490 ; free virtual = 7487

Phase 3.5 Small Shape Detail Placement
Phase 3.5 Small Shape Detail Placement | Checksum: 120e5fd3d

Time (s): cpu = 00:00:14 ; elapsed = 00:00:04 . Memory (MB): peak = 2489.188 ; gain = 20.023 ; free physical = 1490 ; free virtual = 7484

Phase 3.6 Re-assign LUT pins
Phase 3.6 Re-assign LUT pins | Checksum: 1264612cb

Time (s): cpu = 00:00:14 ; elapsed = 00:00:04 . Memory (MB): peak = 2489.188 ; gain = 20.023 ; free physical = 1489 ; free virtual = 7484

Phase 3.7 Pipeline Register Optimization
Phase 3.7 Pipeline Register Optimization | Checksum: 1264612cb

Time (s): cpu = 00:00:14 ; elapsed = 00:00:04 . Memory (MB): peak = 2489.188 ; gain = 20.023 ; free physical = 1489 ; free virtual = 7484
Phase 3 Detail Placement | Checksum: 1264612cb

Time (s): cpu = 00:00:14 ; elapsed = 00:00:04 . Memory (MB): peak = 2489.188 ; gain = 20.023 ; free physical = 1489 ; free virtual = 7484

Phase 4 Post Placement Optimization and Clean-Up

Phase 4.1 Post Commit Optimization
INFO: [Constraints 18-483] create_clock: no pin(s)/port(s)/net(s) specified as objects, only virtual clock 'clk' will be created. If you don't want this, please specify pin(s)/ports(s)/net(s) as objects to the command. [/home/adam/COMSE6424/ZedBoard/K9F1G08U0E_controller/K9F1G08U0E_controller.srcs/constrs_1/imports/constrs_2/zedboard_master_XDC_RevC_D_v3.xdc:1]
INFO: [Timing 38-35] Done setting XDC timing constraints.

Phase 4.1.1 Post Placement Optimization
Post Placement Optimization Initialization | Checksum: 647226bd

Phase 4.1.1.1 BUFG Insertion
INFO: [Place 46-31] BUFG insertion identified 0 candidate nets, 0 success, 0 skipped for placement/routing, 0 skipped for timing, 0 skipped for netlist change reason.
Phase 4.1.1.1 BUFG Insertion | Checksum: 647226bd

Time (s): cpu = 00:00:14 ; elapsed = 00:00:04 . Memory (MB): peak = 2489.188 ; gain = 20.023 ; free physical = 1490 ; free virtual = 7485
INFO: [Place 30-746] Post Placement Timing Summary WNS=4.790. For the most accurate timing information please run report_timing.
Phase 4.1.1 Post Placement Optimization | Checksum: 12684a5db

Time (s): cpu = 00:00:14 ; elapsed = 00:00:04 . Memory (MB): peak = 2489.188 ; gain = 20.023 ; free physical = 1490 ; free virtual = 7485
Phase 4.1 Post Commit Optimization | Checksum: 12684a5db

Time (s): cpu = 00:00:14 ; elapsed = 00:00:04 . Memory (MB): peak = 2489.188 ; gain = 20.023 ; free physical = 1490 ; free virtual = 7485

Phase 4.2 Post Placement Cleanup
Phase 4.2 Post Placement Cleanup | Checksum: 12684a5db

Time (s): cpu = 00:00:14 ; elapsed = 00:00:04 . Memory (MB): peak = 2489.188 ; gain = 20.023 ; free physical = 1490 ; free virtual = 7485

Phase 4.3 Placer Reporting
Phase 4.3 Placer Reporting | Checksum: 12684a5db

Time (s): cpu = 00:00:14 ; elapsed = 00:00:04 . Memory (MB): peak = 2489.188 ; gain = 20.023 ; free physical = 1490 ; free virtual = 7485

Phase 4.4 Final Placement Cleanup
Phase 4.4 Final Placement Cleanup | Checksum: 12ad7cf7a

Time (s): cpu = 00:00:14 ; elapsed = 00:00:04 . Memory (MB): peak = 2489.188 ; gain = 20.023 ; free physical = 1490 ; free virtual = 7485
Phase 4 Post Placement Optimization and Clean-Up | Checksum: 12ad7cf7a

Time (s): cpu = 00:00:14 ; elapsed = 00:00:04 . Memory (MB): peak = 2489.188 ; gain = 20.023 ; free physical = 1490 ; free virtual = 7485
Ending Placer Task | Checksum: 4efe7822

Time (s): cpu = 00:00:14 ; elapsed = 00:00:04 . Memory (MB): peak = 2489.188 ; gain = 20.023 ; free physical = 1506 ; free virtual = 7502
INFO: [Common 17-83] Releasing license: Implementation
63 Infos, 18 Warnings, 2 Critical Warnings and 0 Errors encountered.
place_design completed successfully
place_design: Time (s): cpu = 00:00:16 ; elapsed = 00:00:05 . Memory (MB): peak = 2489.188 ; gain = 20.023 ; free physical = 1506 ; free virtual = 7502
INFO: [Timing 38-480] Writing timing data to binary archive.
Writing placer database...
Writing XDEF routing.
Writing XDEF routing logical nets.
Writing XDEF routing special nets.
Write XDEF Complete: Time (s): cpu = 00:00:00.22 ; elapsed = 00:00:00.05 . Memory (MB): peak = 2489.188 ; gain = 0.000 ; free physical = 1499 ; free virtual = 7498
INFO: [Common 17-1381] The checkpoint '/home/adam/COMSE6424/ZedBoard/K9F1G08U0E_controller/K9F1G08U0E_controller.runs/impl_1/bd_wrapper_placed.dcp' has been generated.
INFO: [runtcl-4] Executing : report_io -file bd_wrapper_io_placed.rpt
report_io: Time (s): cpu = 00:00:00.09 ; elapsed = 00:00:00.14 . Memory (MB): peak = 2489.188 ; gain = 0.000 ; free physical = 1493 ; free virtual = 7490
INFO: [runtcl-4] Executing : report_utilization -file bd_wrapper_utilization_placed.rpt -pb bd_wrapper_utilization_placed.pb
report_utilization: Time (s): cpu = 00:00:00.08 ; elapsed = 00:00:00.10 . Memory (MB): peak = 2489.188 ; gain = 0.000 ; free physical = 1504 ; free virtual = 7502
INFO: [runtcl-4] Executing : report_control_sets -verbose -file bd_wrapper_control_sets_placed.rpt
report_control_sets: Time (s): cpu = 00:00:00.06 ; elapsed = 00:00:00.08 . Memory (MB): peak = 2489.188 ; gain = 0.000 ; free physical = 1505 ; free virtual = 7502
Command: route_design
Attempting to get a license for feature 'Implementation' and/or device 'xc7z020'
INFO: [Common 17-349] Got license for feature 'Implementation' and/or device 'xc7z020'
Running DRC as a precondition to command route_design
INFO: [DRC 23-27] Running DRC with 8 threads
INFO: [Vivado_Tcl 4-198] DRC finished with 0 Errors
INFO: [Vivado_Tcl 4-199] Please refer to the DRC report (report_drc) for more information.


Starting Routing Task
INFO: [Route 35-254] Multithreading enabled for route_design using a maximum of 8 CPUs
Checksum: PlaceDB: 2ff2f0d3 ConstDB: 0 ShapeSum: 1f0b874f RouteDB: 0

Phase 1 Build RT Design
Phase 1 Build RT Design | Checksum: 6c271cbd

Time (s): cpu = 00:00:14 ; elapsed = 00:00:11 . Memory (MB): peak = 2489.188 ; gain = 0.000 ; free physical = 1305 ; free virtual = 7390
Post Restoration Checksum: NetGraph: 6435f16f NumContArr: 7f12b4e Constraints: 0 Timing: 0

Phase 2 Router Initialization

Phase 2.1 Create Timer
Phase 2.1 Create Timer | Checksum: 6c271cbd

Time (s): cpu = 00:00:14 ; elapsed = 00:00:11 . Memory (MB): peak = 2489.188 ; gain = 0.000 ; free physical = 1305 ; free virtual = 7390

Phase 2.2 Fix Topology Constraints
Phase 2.2 Fix Topology Constraints | Checksum: 6c271cbd

Time (s): cpu = 00:00:14 ; elapsed = 00:00:11 . Memory (MB): peak = 2489.188 ; gain = 0.000 ; free physical = 1274 ; free virtual = 7358

Phase 2.3 Pre Route Cleanup
Phase 2.3 Pre Route Cleanup | Checksum: 6c271cbd

Time (s): cpu = 00:00:14 ; elapsed = 00:00:11 . Memory (MB): peak = 2489.188 ; gain = 0.000 ; free physical = 1274 ; free virtual = 7358
 Number of Nodes with overlaps = 0

Phase 2.4 Update Timing
Phase 2.4 Update Timing | Checksum: 172f30f5a

Time (s): cpu = 00:00:14 ; elapsed = 00:00:12 . Memory (MB): peak = 2489.188 ; gain = 0.000 ; free physical = 1314 ; free virtual = 7383
INFO: [Route 35-416] Intermediate Timing Summary | WNS=4.790  | TNS=0.000  | WHS=-0.195 | THS=-16.573|

Phase 2 Router Initialization | Checksum: 1edbb8af3

Time (s): cpu = 00:00:15 ; elapsed = 00:00:12 . Memory (MB): peak = 2489.188 ; gain = 0.000 ; free physical = 1314 ; free virtual = 7382

Phase 3 Initial Routing
Phase 3 Initial Routing | Checksum: 4631e782

Time (s): cpu = 00:00:15 ; elapsed = 00:00:12 . Memory (MB): peak = 2489.188 ; gain = 0.000 ; free physical = 1314 ; free virtual = 7382

Phase 4 Rip-up And Reroute

Phase 4.1 Global Iteration 0
 Number of Nodes with overlaps = 94
 Number of Nodes with overlaps = 2
 Number of Nodes with overlaps = 0
INFO: [Route 35-416] Intermediate Timing Summary | WNS=4.363  | TNS=0.000  | WHS=N/A    | THS=N/A    |

Phase 4.1 Global Iteration 0 | Checksum: 170954c2d

Time (s): cpu = 00:00:17 ; elapsed = 00:00:12 . Memory (MB): peak = 2489.188 ; gain = 0.000 ; free physical = 1314 ; free virtual = 7383

Phase 4.2 Global Iteration 1
 Number of Nodes with overlaps = 0
INFO: [Route 35-416] Intermediate Timing Summary | WNS=4.363  | TNS=0.000  | WHS=N/A    | THS=N/A    |

Phase 4.2 Global Iteration 1 | Checksum: 160cdb2d3

Time (s): cpu = 00:00:17 ; elapsed = 00:00:12 . Memory (MB): peak = 2489.188 ; gain = 0.000 ; free physical = 1314 ; free virtual = 7383
Phase 4 Rip-up And Reroute | Checksum: 160cdb2d3

Time (s): cpu = 00:00:17 ; elapsed = 00:00:12 . Memory (MB): peak = 2489.188 ; gain = 0.000 ; free physical = 1314 ; free virtual = 7383

Phase 5 Delay and Skew Optimization

Phase 5.1 Delay CleanUp

Phase 5.1.1 Update Timing
Phase 5.1.1 Update Timing | Checksum: 197fc5627

Time (s): cpu = 00:00:17 ; elapsed = 00:00:12 . Memory (MB): peak = 2489.188 ; gain = 0.000 ; free physical = 1314 ; free virtual = 7383
INFO: [Route 35-416] Intermediate Timing Summary | WNS=4.377  | TNS=0.000  | WHS=N/A    | THS=N/A    |

Phase 5.1 Delay CleanUp | Checksum: 197fc5627

Time (s): cpu = 00:00:17 ; elapsed = 00:00:12 . Memory (MB): peak = 2489.188 ; gain = 0.000 ; free physical = 1314 ; free virtual = 7383

Phase 5.2 Clock Skew Optimization
Phase 5.2 Clock Skew Optimization | Checksum: 197fc5627

Time (s): cpu = 00:00:17 ; elapsed = 00:00:12 . Memory (MB): peak = 2489.188 ; gain = 0.000 ; free physical = 1314 ; free virtual = 7383
Phase 5 Delay and Skew Optimization | Checksum: 197fc5627

Time (s): cpu = 00:00:17 ; elapsed = 00:00:12 . Memory (MB): peak = 2489.188 ; gain = 0.000 ; free physical = 1314 ; free virtual = 7383

Phase 6 Post Hold Fix

Phase 6.1 Hold Fix Iter

Phase 6.1.1 Update Timing
Phase 6.1.1 Update Timing | Checksum: 138d82418

Time (s): cpu = 00:00:17 ; elapsed = 00:00:12 . Memory (MB): peak = 2489.188 ; gain = 0.000 ; free physical = 1314 ; free virtual = 7382
INFO: [Route 35-416] Intermediate Timing Summary | WNS=4.377  | TNS=0.000  | WHS=0.050  | THS=0.000  |

Phase 6.1 Hold Fix Iter | Checksum: 12384280e

Time (s): cpu = 00:00:17 ; elapsed = 00:00:12 . Memory (MB): peak = 2489.188 ; gain = 0.000 ; free physical = 1314 ; free virtual = 7382
Phase 6 Post Hold Fix | Checksum: 12384280e

Time (s): cpu = 00:00:17 ; elapsed = 00:00:12 . Memory (MB): peak = 2489.188 ; gain = 0.000 ; free physical = 1314 ; free virtual = 7382

Phase 7 Route finalize

Router Utilization Summary
  Global Vertical Routing Utilization    = 0.196593 %
  Global Horizontal Routing Utilization  = 0.230984 %
  Routable Net Status*
  *Does not include unroutable nets such as driverless and loadless.
  Run report_route_status for detailed report.
  Number of Failed Nets               = 0
  Number of Unrouted Nets             = 0
  Number of Partially Routed Nets     = 0
  Number of Node Overlaps             = 0

Phase 7 Route finalize | Checksum: 2075ebd08

Time (s): cpu = 00:00:17 ; elapsed = 00:00:12 . Memory (MB): peak = 2489.188 ; gain = 0.000 ; free physical = 1314 ; free virtual = 7382

Phase 8 Verifying routed nets

 Verification completed successfully
Phase 8 Verifying routed nets | Checksum: 2075ebd08

Time (s): cpu = 00:00:17 ; elapsed = 00:00:12 . Memory (MB): peak = 2489.188 ; gain = 0.000 ; free physical = 1313 ; free virtual = 7381

Phase 9 Depositing Routes
Phase 9 Depositing Routes | Checksum: 1bded151f

Time (s): cpu = 00:00:17 ; elapsed = 00:00:12 . Memory (MB): peak = 2489.188 ; gain = 0.000 ; free physical = 1313 ; free virtual = 7381

Phase 10 Post Router Timing
INFO: [Route 35-57] Estimated Timing Summary | WNS=4.377  | TNS=0.000  | WHS=0.050  | THS=0.000  |

INFO: [Route 35-327] The final timing numbers are based on the router estimated timing analysis. For a complete and accurate timing signoff, please run report_timing_summary.
Phase 10 Post Router Timing | Checksum: 1bded151f

Time (s): cpu = 00:00:17 ; elapsed = 00:00:12 . Memory (MB): peak = 2489.188 ; gain = 0.000 ; free physical = 1313 ; free virtual = 7381
INFO: [Route 35-16] Router Completed Successfully

Time (s): cpu = 00:00:17 ; elapsed = 00:00:12 . Memory (MB): peak = 2489.188 ; gain = 0.000 ; free physical = 1347 ; free virtual = 7415

Routing Is Done.
INFO: [Common 17-83] Releasing license: Implementation
82 Infos, 18 Warnings, 2 Critical Warnings and 0 Errors encountered.
route_design completed successfully
route_design: Time (s): cpu = 00:00:19 ; elapsed = 00:00:13 . Memory (MB): peak = 2489.188 ; gain = 0.000 ; free physical = 1347 ; free virtual = 7415
INFO: [Timing 38-480] Writing timing data to binary archive.
Writing placer database...
Writing XDEF routing.
Writing XDEF routing logical nets.
Writing XDEF routing special nets.
Write XDEF Complete: Time (s): cpu = 00:00:00.22 ; elapsed = 00:00:00.06 . Memory (MB): peak = 2489.188 ; gain = 0.000 ; free physical = 1338 ; free virtual = 7411
INFO: [Common 17-1381] The checkpoint '/home/adam/COMSE6424/ZedBoard/K9F1G08U0E_controller/K9F1G08U0E_controller.runs/impl_1/bd_wrapper_routed.dcp' has been generated.
INFO: [runtcl-4] Executing : report_drc -file bd_wrapper_drc_routed.rpt -pb bd_wrapper_drc_routed.pb -rpx bd_wrapper_drc_routed.rpx
Command: report_drc -file bd_wrapper_drc_routed.rpt -pb bd_wrapper_drc_routed.pb -rpx bd_wrapper_drc_routed.rpx
INFO: [DRC 23-27] Running DRC with 8 threads
INFO: [Coretcl 2-168] The results of DRC are in file /home/adam/COMSE6424/ZedBoard/K9F1G08U0E_controller/K9F1G08U0E_controller.runs/impl_1/bd_wrapper_drc_routed.rpt.
report_drc completed successfully
INFO: [runtcl-4] Executing : report_methodology -file bd_wrapper_methodology_drc_routed.rpt -pb bd_wrapper_methodology_drc_routed.pb -rpx bd_wrapper_methodology_drc_routed.rpx
Command: report_methodology -file bd_wrapper_methodology_drc_routed.rpt -pb bd_wrapper_methodology_drc_routed.pb -rpx bd_wrapper_methodology_drc_routed.rpx
INFO: [Constraints 18-483] create_clock: no pin(s)/port(s)/net(s) specified as objects, only virtual clock 'clk' will be created. If you don't want this, please specify pin(s)/ports(s)/net(s) as objects to the command. [/home/adam/COMSE6424/ZedBoard/K9F1G08U0E_controller/K9F1G08U0E_controller.srcs/constrs_1/imports/constrs_2/zedboard_master_XDC_RevC_D_v3.xdc:1]
INFO: [Timing 38-35] Done setting XDC timing constraints.
INFO: [Constraints 18-483] create_clock: no pin(s)/port(s)/net(s) specified as objects, only virtual clock 'clk' will be created. If you don't want this, please specify pin(s)/ports(s)/net(s) as objects to the command. [/home/adam/COMSE6424/ZedBoard/K9F1G08U0E_controller/K9F1G08U0E_controller.srcs/constrs_1/imports/constrs_2/zedboard_master_XDC_RevC_D_v3.xdc:1]
INFO: [Timing 38-35] Done setting XDC timing constraints.
INFO: [DRC 23-133] Running Methodology with 8 threads
INFO: [Coretcl 2-1520] The results of Report Methodology are in file /home/adam/COMSE6424/ZedBoard/K9F1G08U0E_controller/K9F1G08U0E_controller.runs/impl_1/bd_wrapper_methodology_drc_routed.rpt.
report_methodology completed successfully
INFO: [runtcl-4] Executing : report_power -file bd_wrapper_power_routed.rpt -pb bd_wrapper_power_summary_routed.pb -rpx bd_wrapper_power_routed.rpx
Command: report_power -file bd_wrapper_power_routed.rpt -pb bd_wrapper_power_summary_routed.pb -rpx bd_wrapper_power_routed.rpx
INFO: [Constraints 18-483] create_clock: no pin(s)/port(s)/net(s) specified as objects, only virtual clock 'clk' will be created. If you don't want this, please specify pin(s)/ports(s)/net(s) as objects to the command. [/home/adam/COMSE6424/ZedBoard/K9F1G08U0E_controller/K9F1G08U0E_controller.srcs/constrs_1/imports/constrs_2/zedboard_master_XDC_RevC_D_v3.xdc:1]
INFO: [Timing 38-35] Done setting XDC timing constraints.
Running Vector-less Activity Propagation...

Finished Running Vector-less Activity Propagation
97 Infos, 18 Warnings, 2 Critical Warnings and 0 Errors encountered.
report_power completed successfully
INFO: [runtcl-4] Executing : report_route_status -file bd_wrapper_route_status.rpt -pb bd_wrapper_route_status.pb
INFO: [runtcl-4] Executing : report_timing_summary -max_paths 10 -file bd_wrapper_timing_summary_routed.rpt -pb bd_wrapper_timing_summary_routed.pb -rpx bd_wrapper_timing_summary_routed.rpx -warn_on_violation 
INFO: [Timing 38-91] UpdateTimingParams: Speed grade: -1, Delay Type: min_max, Timing Stage: Requireds.
INFO: [Timing 38-191] Multithreading enabled for timing update using a maximum of 8 CPUs
INFO: [runtcl-4] Executing : report_incremental_reuse -file bd_wrapper_incremental_reuse_routed.rpt
INFO: [Vivado_Tcl 4-545] No incremental reuse to report, no incremental placement and routing data was found.
INFO: [runtcl-4] Executing : report_clock_utilization -file bd_wrapper_clock_utilization_routed.rpt
INFO: [runtcl-4] Executing : report_bus_skew -warn_on_violation -file bd_wrapper_bus_skew_routed.rpt -pb bd_wrapper_bus_skew_routed.pb -rpx bd_wrapper_bus_skew_routed.rpx
INFO: [Timing 38-91] UpdateTimingParams: Speed grade: -1, Delay Type: min_max, Timing Stage: Requireds.
INFO: [Timing 38-191] Multithreading enabled for timing update using a maximum of 8 CPUs
INFO: [Common 17-206] Exiting Vivado at Thu Nov 15 03:19:37 2018...

*** Running vivado
    with args -log bd_wrapper.vdi -applog -m64 -product Vivado -messageDb vivado.pb -mode batch -source bd_wrapper.tcl -notrace


****** Vivado v2018.2 (64-bit)
  **** SW Build 2258646 on Thu Jun 14 20:02:38 MDT 2018
  **** IP Build 2256618 on Thu Jun 14 22:10:49 MDT 2018
    ** Copyright 1986-2018 Xilinx, Inc. All Rights Reserved.

source bd_wrapper.tcl -notrace
Command: open_checkpoint bd_wrapper_routed.dcp

Starting open_checkpoint Task

Time (s): cpu = 00:00:00.02 ; elapsed = 00:00:00.06 . Memory (MB): peak = 1179.328 ; gain = 0.000 ; free physical = 1418 ; free virtual = 7539
INFO: [Netlist 29-17] Analyzing 22 Unisim elements for replacement
INFO: [Netlist 29-28] Unisim Transformation completed in 0 CPU seconds
INFO: [Project 1-479] Netlist was created with Vivado 2018.2
INFO: [Device 21-403] Loading part xc7z020clg484-1
INFO: [Project 1-570] Preparing netlist for logic optimization
INFO: [Timing 38-478] Restoring timing data from binary archive.
INFO: [Timing 38-479] Binary timing data restore complete.
INFO: [Project 1-856] Restoring constraints from binary archive.
INFO: [Project 1-853] Binary constraint restore complete.
Reading XDEF placement.
Reading placer database...
Reading XDEF routing.
Read XDEF File: Time (s): cpu = 00:00:00.19 ; elapsed = 00:00:00.23 . Memory (MB): peak = 1981.758 ; gain = 0.000 ; free physical = 691 ; free virtual = 6812
Restored from archive | CPU: 0.220000 secs | Memory: 2.501549 MB |
Finished XDEF File Restore: Time (s): cpu = 00:00:00.19 ; elapsed = 00:00:00.23 . Memory (MB): peak = 1981.758 ; gain = 0.000 ; free physical = 691 ; free virtual = 6812
INFO: [Project 1-111] Unisim Transformation Summary:
No Unisim elements were transformed.

INFO: [Project 1-604] Checkpoint was created with Vivado v2018.2 (64-bit) build 2258646
open_checkpoint: Time (s): cpu = 00:00:14 ; elapsed = 00:00:32 . Memory (MB): peak = 1981.758 ; gain = 802.430 ; free physical = 691 ; free virtual = 6812
Command: write_bitstream -force bd_wrapper.bit
Attempting to get a license for feature 'Implementation' and/or device 'xc7z020'
INFO: [Common 17-349] Got license for feature 'Implementation' and/or device 'xc7z020'
Running DRC as a precondition to command write_bitstream
INFO: [IP_Flow 19-234] Refreshing IP repositories
INFO: [IP_Flow 19-1704] No user IP repositories specified
INFO: [IP_Flow 19-2313] Loaded Vivado IP repository '/opt/Xilinx/Vivado/2018.2/data/ip'.
INFO: [DRC 23-27] Running DRC with 8 threads
INFO: [Vivado 12-3199] DRC finished with 0 Errors
INFO: [Vivado 12-3200] Please refer to the DRC report (report_drc) for more information.
INFO: [Designutils 20-2272] Running write_bitstream with 8 threads.
Loading data files...
Loading site data...
Loading route data...
Processing options...
Creating bitmap...
Creating bitstream...
Writing bitstream ./bd_wrapper.bit...
INFO: [Vivado 12-1842] Bitgen Completed Successfully.
INFO: [Project 1-118] WebTalk data collection is enabled (User setting is ON. Install Setting is ON.).
INFO: [Common 17-186] '/home/adam/COMSE6424/ZedBoard/K9F1G08U0E_controller/K9F1G08U0E_controller.runs/impl_1/usage_statistics_webtalk.xml' has been successfully sent to Xilinx on Thu Nov 15 03:25:02 2018. For additional details about this file, please refer to the WebTalk help file at /opt/Xilinx/Vivado/2018.2/doc/webtalk_introduction.html.
INFO: [Common 17-83] Releasing license: Implementation
23 Infos, 0 Warnings, 0 Critical Warnings and 0 Errors encountered.
write_bitstream completed successfully
write_bitstream: Time (s): cpu = 00:00:10 ; elapsed = 00:02:21 . Memory (MB): peak = 2466.066 ; gain = 484.309 ; free physical = 766 ; free virtual = 6771
INFO: [Common 17-206] Exiting Vivado at Thu Nov 15 03:25:02 2018...
