12:19:33 INFO  : Registering command handlers for SDK TCF services
12:19:33 INFO  : Launching XSCT server: xsct -n -interactive /home/adam/COMSE6424/helloworld_sanitycheck/helloworld_sanitycheck.sdk/temp_xsdb_launch_script.tcl
12:19:34 INFO  : XSCT server has started successfully.
12:19:35 INFO  : Successfully done setting XSCT server connection channel  
12:19:35 INFO  : Successfully done setting SDK workspace  
12:19:35 INFO  : Processing command line option -hwspec /home/adam/COMSE6424/helloworld_sanitycheck/helloworld_sanitycheck.sdk/design_1_wrapper.hdf.
12:21:23 INFO  : Connected to target on host '127.0.0.1' and port '3121'.
12:21:23 INFO  : 'targets -set -filter {jtag_cable_name =~ "Digilent Zed 210248492724" && level==0} -index 1' command is executed.
12:21:29 INFO  : FPGA configured successfully with bitstream "/home/adam/COMSE6424/helloworld_sanitycheck/helloworld_sanitycheck.sdk/design_1_wrapper_hw_platform_0/design_1_wrapper.bit"
12:21:46 INFO  : 'targets -set -filter {jtag_cable_name =~ "Digilent Zed 210248492724" && level==0} -index 1' command is executed.
12:21:46 INFO  : 'fpga -state' command is executed.
12:21:46 INFO  : Connected to target on host '127.0.0.1' and port '3121'.
12:21:46 INFO  : Jtag cable 'Digilent Zed 210248492724' is selected.
12:21:46 INFO  : 'jtag frequency' command is executed.
12:21:46 INFO  : Sourcing of '/home/adam/COMSE6424/helloworld_sanitycheck/helloworld_sanitycheck.sdk/design_1_wrapper_hw_platform_0/ps7_init.tcl' is done.
12:21:46 INFO  : Context for 'APU' is selected.
12:21:46 INFO  : Hardware design information is loaded from '/home/adam/COMSE6424/helloworld_sanitycheck/helloworld_sanitycheck.sdk/design_1_wrapper_hw_platform_0/system.hdf'.
12:21:46 INFO  : 'configparams force-mem-access 1' command is executed.
12:21:46 INFO  : Context for 'APU' is selected.
12:21:46 INFO  : 'stop' command is executed.
12:21:46 INFO  : 'ps7_init' command is executed.
12:21:46 INFO  : 'ps7_post_config' command is executed.
12:21:46 INFO  : Context for processor 'ps7_cortexa9_0' is selected.
12:21:46 INFO  : Processor reset is completed for 'ps7_cortexa9_0'.
12:21:46 INFO  : Context for processor 'ps7_cortexa9_0' is selected.
12:21:46 INFO  : The application '/home/adam/COMSE6424/helloworld_sanitycheck/helloworld_sanitycheck.sdk/zedboard_getting_started/Debug/zedboard_getting_started.elf' is downloaded to processor 'ps7_cortexa9_0'.
12:21:46 INFO  : 'configparams force-mem-access 0' command is executed.
12:21:46 INFO  : ----------------XSDB Script----------------
connect -url tcp:127.0.0.1:3121
source /home/adam/COMSE6424/helloworld_sanitycheck/helloworld_sanitycheck.sdk/design_1_wrapper_hw_platform_0/ps7_init.tcl
targets -set -nocase -filter {name =~"APU*" && jtag_cable_name =~ "Digilent Zed 210248492724"} -index 0
loadhw -hw /home/adam/COMSE6424/helloworld_sanitycheck/helloworld_sanitycheck.sdk/design_1_wrapper_hw_platform_0/system.hdf -mem-ranges [list {0x40000000 0xbfffffff}]
configparams force-mem-access 1
targets -set -nocase -filter {name =~"APU*" && jtag_cable_name =~ "Digilent Zed 210248492724"} -index 0
stop
ps7_init
ps7_post_config
targets -set -nocase -filter {name =~ "ARM*#0" && jtag_cable_name =~ "Digilent Zed 210248492724"} -index 0
rst -processor
targets -set -nocase -filter {name =~ "ARM*#0" && jtag_cable_name =~ "Digilent Zed 210248492724"} -index 0
dow /home/adam/COMSE6424/helloworld_sanitycheck/helloworld_sanitycheck.sdk/zedboard_getting_started/Debug/zedboard_getting_started.elf
configparams force-mem-access 0
----------------End of Script----------------

12:21:46 INFO  : Memory regions updated for context APU
12:21:46 INFO  : Context for processor 'ps7_cortexa9_0' is selected.
12:21:46 INFO  : 'con' command is executed.
12:21:46 INFO  : ----------------XSDB Script (After Launch)----------------
targets -set -nocase -filter {name =~ "ARM*#0" && jtag_cable_name =~ "Digilent Zed 210248492724"} -index 0
con
----------------End of Script----------------

12:21:46 INFO  : Launch script is exported to file '/home/adam/COMSE6424/helloworld_sanitycheck/helloworld_sanitycheck.sdk/.sdk/launch_scripts/xilinx_c-c++_application_(system_debugger)/system_debugger_using_debug_zedboard_getting_started.elf_on_local.tcl'
12:22:01 INFO  : Disconnected from the channel tcfchan#1.
12:22:02 INFO  : 'targets -set -filter {jtag_cable_name =~ "Digilent Zed 210248492724" && level==0} -index 1' command is executed.
12:22:02 INFO  : 'fpga -state' command is executed.
12:22:02 INFO  : Connected to target on host '127.0.0.1' and port '3121'.
12:22:02 INFO  : Jtag cable 'Digilent Zed 210248492724' is selected.
12:22:02 INFO  : 'jtag frequency' command is executed.
12:22:02 INFO  : Sourcing of '/home/adam/COMSE6424/helloworld_sanitycheck/helloworld_sanitycheck.sdk/design_1_wrapper_hw_platform_0/ps7_init.tcl' is done.
12:22:02 INFO  : Context for 'APU' is selected.
12:22:03 INFO  : Hardware design information is loaded from '/home/adam/COMSE6424/helloworld_sanitycheck/helloworld_sanitycheck.sdk/design_1_wrapper_hw_platform_0/system.hdf'.
12:22:03 INFO  : 'configparams force-mem-access 1' command is executed.
12:22:03 INFO  : Context for 'APU' is selected.
12:22:03 INFO  : 'stop' command is executed.
12:22:03 INFO  : 'ps7_init' command is executed.
12:22:03 INFO  : 'ps7_post_config' command is executed.
12:22:03 INFO  : Context for processor 'ps7_cortexa9_0' is selected.
12:22:03 INFO  : Processor reset is completed for 'ps7_cortexa9_0'.
12:22:03 INFO  : Context for processor 'ps7_cortexa9_0' is selected.
12:22:03 INFO  : The application '/home/adam/COMSE6424/helloworld_sanitycheck/helloworld_sanitycheck.sdk/zedboard_getting_started/Debug/zedboard_getting_started.elf' is downloaded to processor 'ps7_cortexa9_0'.
12:22:03 INFO  : 'configparams force-mem-access 0' command is executed.
12:22:03 INFO  : ----------------XSDB Script----------------
connect -url tcp:127.0.0.1:3121
source /home/adam/COMSE6424/helloworld_sanitycheck/helloworld_sanitycheck.sdk/design_1_wrapper_hw_platform_0/ps7_init.tcl
targets -set -nocase -filter {name =~"APU*" && jtag_cable_name =~ "Digilent Zed 210248492724"} -index 0
loadhw -hw /home/adam/COMSE6424/helloworld_sanitycheck/helloworld_sanitycheck.sdk/design_1_wrapper_hw_platform_0/system.hdf -mem-ranges [list {0x40000000 0xbfffffff}]
configparams force-mem-access 1
targets -set -nocase -filter {name =~"APU*" && jtag_cable_name =~ "Digilent Zed 210248492724"} -index 0
stop
ps7_init
ps7_post_config
targets -set -nocase -filter {name =~ "ARM*#0" && jtag_cable_name =~ "Digilent Zed 210248492724"} -index 0
rst -processor
targets -set -nocase -filter {name =~ "ARM*#0" && jtag_cable_name =~ "Digilent Zed 210248492724"} -index 0
dow /home/adam/COMSE6424/helloworld_sanitycheck/helloworld_sanitycheck.sdk/zedboard_getting_started/Debug/zedboard_getting_started.elf
configparams force-mem-access 0
----------------End of Script----------------

12:22:03 INFO  : Memory regions updated for context APU
12:22:03 INFO  : Context for processor 'ps7_cortexa9_0' is selected.
12:22:03 INFO  : 'con' command is executed.
12:22:03 INFO  : ----------------XSDB Script (After Launch)----------------
targets -set -nocase -filter {name =~ "ARM*#0" && jtag_cable_name =~ "Digilent Zed 210248492724"} -index 0
con
----------------End of Script----------------

12:22:03 INFO  : Launch script is exported to file '/home/adam/COMSE6424/helloworld_sanitycheck/helloworld_sanitycheck.sdk/.sdk/launch_scripts/xilinx_c-c++_application_(system_debugger)/system_debugger_using_debug_zedboard_getting_started.elf_on_local.tcl'
