17:24:26 INFO  : Registering command handlers for SDK TCF services
17:24:27 INFO  : Launching XSCT server: xsct -n -interactive /home/adam/COMSE6424/ZedBoard/K9F1G08U0E_controller/K9F1G08U0E_controller.sdk/class_project/temp_xsdb_launch_script.tcl
17:24:28 INFO  : XSCT server has started successfully.
17:24:28 INFO  : Successfully done setting XSCT server connection channel  
17:24:28 INFO  : Successfully done setting SDK workspace  
17:26:00 INFO  : Registering command handlers for SDK TCF services
17:26:01 INFO  : Launching XSCT server: xsct -n -interactive /home/adam/COMSE6424/ZedBoard/K9F1G08U0E_controller/K9F1G08U0E_controller.sdk/class_project/temp_xsdb_launch_script.tcl
17:26:02 INFO  : XSCT server has started successfully.
17:26:02 INFO  : Successfully done setting XSCT server connection channel  
17:26:02 INFO  : Successfully done setting SDK workspace  
21:29:31 INFO  : Registering command handlers for SDK TCF services
21:29:32 INFO  : Launching XSCT server: xsct -n -interactive /home/adam/COMSE6424/ZedBoard/K9F1G08U0E_controller/K9F1G08U0E_controller.sdk/class_project/temp_xsdb_launch_script.tcl
21:29:33 INFO  : XSCT server has started successfully.
21:29:33 INFO  : Successfully done setting XSCT server connection channel  
21:29:33 INFO  : Successfully done setting SDK workspace  
21:30:23 INFO  : Registering command handlers for SDK TCF services
21:30:24 INFO  : Launching XSCT server: xsct -n -interactive /home/adam/COMSE6424/ZedBoard/K9F1G08U0E_controller/K9F1G08U0E_controller.sdk/class_project/temp_xsdb_launch_script.tcl
21:30:25 INFO  : XSCT server has started successfully.
21:30:25 INFO  : Successfully done setting XSCT server connection channel  
21:30:25 INFO  : Successfully done setting SDK workspace  
