#-----------------------------------------------------------
# Webtalk v2018.2.2 (64-bit)
# SW Build 2348494 on Mon Oct  1 18:25:39 MDT 2018
# 
# Start of session at: Tue Dec  4 17:09:38 2018
# Process ID: 16725
# Current directory: /home/adam/COMSE6424/ZedBoard/K9F1G08U0E_controller/K9F1G08U0E_controller.sdk/webtalk
# Command line: wbtcv -mode batch -source sdk_webtalk.tcl
# Log file: /home/adam/COMSE6424/ZedBoard/K9F1G08U0E_controller/K9F1G08U0E_controller.sdk/webtalk/webtalk.log
# Journal file: /home/adam/COMSE6424/ZedBoard/K9F1G08U0E_controller/K9F1G08U0E_controller.sdk/webtalk/webtalk.jou
#-----------------------------------------------------------
source sdk_webtalk.tcl
# webtalk_init -webtalk_dir /home/adam/COMSE6424/ZedBoard/K9F1G08U0E_controller/K9F1G08U0E_controller.sdk/webtalk
# webtalk_register_client -client project
# webtalk_add_data -client project -key date_generated -value "2018-12-04 17:09:37" -context "software_version_and_target_device"
# webtalk_add_data -client project -key product_version -value "SDK v2018.2" -context "software_version_and_target_device"
# webtalk_add_data -client project -key build_version -value "2018.2" -context "software_version_and_target_device"
# webtalk_add_data -client project -key os_platform -value "amd64" -context "software_version_and_target_device"
# webtalk_add_data -client project -key registration_id -value "210869873_1777498833_210684602_844" -context "software_version_and_target_device"
# webtalk_add_data -client project -key tool_flow -value "SDK" -context "software_version_and_target_device"
# webtalk_add_data -client project -key beta -value "false" -context "software_version_and_target_device"
# webtalk_add_data -client project -key route_design -value "NA" -context "software_version_and_target_device"
# webtalk_add_data -client project -key target_family -value "NA" -context "software_version_and_target_device"
# webtalk_add_data -client project -key target_device -value "NA" -context "software_version_and_target_device"
# webtalk_add_data -client project -key target_package -value "NA" -context "software_version_and_target_device"
# webtalk_add_data -client project -key target_speed -value "NA" -context "software_version_and_target_device"
# webtalk_add_data -client project -key random_id -value "rng8c66qqun24m91hlo7itqf69" -context "software_version_and_target_device"
# webtalk_add_data -client project -key project_id -value "2018.2_14" -context "software_version_and_target_device"
# webtalk_add_data -client project -key project_iteration -value "14" -context "software_version_and_target_device"
# webtalk_add_data -client project -key os_name -value "Ubuntu" -context "user_environment"
# webtalk_add_data -client project -key os_release -value "Ubuntu 18.04.1 LTS" -context "user_environment"
# webtalk_add_data -client project -key cpu_name -value "Intel(R) Core(TM) i7-8700K CPU @ 3.70GHz" -context "user_environment"
# webtalk_add_data -client project -key cpu_speed -value "4264.786 MHz" -context "user_environment"
# webtalk_add_data -client project -key total_processors -value "1" -context "user_environment"
# webtalk_add_data -client project -key system_ram -value "16.762 GB" -context "user_environment"
# webtalk_register_client -client sdk
# webtalk_add_data -client sdk -key uid -value "1543960623000" -context "sdk\\\\hardware/1543960623000"
# webtalk_add_data -client sdk -key isZynq -value "true" -context "sdk\\\\hardware/1543960623000"
# webtalk_add_data -client sdk -key isZynqMP -value "false" -context "sdk\\\\hardware/1543960623000"
# webtalk_add_data -client sdk -key Processors -value "2" -context "sdk\\\\hardware/1543960623000"
# webtalk_add_data -client sdk -key VivadoVersion -value "2018.2.2" -context "sdk\\\\hardware/1543960623000"
# webtalk_add_data -client sdk -key Arch -value "zynq" -context "sdk\\\\hardware/1543960623000"
# webtalk_add_data -client sdk -key Device -value "7z020" -context "sdk\\\\hardware/1543960623000"
# webtalk_add_data -client sdk -key IsHandoff -value "true" -context "sdk\\\\hardware/1543960623000"
# webtalk_add_data -client sdk -key os -value "NA" -context "sdk\\\\hardware/1543960623000"
# webtalk_add_data -client sdk -key apptemplate -value "NA" -context "sdk\\\\hardware/1543960623000"
# webtalk_add_data -client sdk -key RecordType -value "HWCreation" -context "sdk\\\\hardware/1543960623000"
# webtalk_add_data -client sdk -key uid -value "1543960664000" -context "sdk\\\\bsp/1543960664000"
# webtalk_add_data -client sdk -key hwid -value "1543960623000" -context "sdk\\\\bsp/1543960664000"
# webtalk_add_data -client sdk -key os -value "standalone" -context "sdk\\\\bsp/1543960664000"
# webtalk_add_data -client sdk -key apptemplate -value "hello_world" -context "sdk\\\\bsp/1543960664000"
# webtalk_add_data -client sdk -key RecordType -value "BSPCreation" -context "sdk\\\\bsp/1543960664000"
# webtalk_add_data -client sdk -key projSize -value "295.78125" -context "sdk\\\\bsp/1543960664000"
# webtalk_add_data -client sdk -key uid -value "1543960664000" -context "sdk\\\\application/1543960664000"
# webtalk_add_data -client sdk -key hwid -value "1543960623000" -context "sdk\\\\application/1543960664000"
# webtalk_add_data -client sdk -key bspid -value "1543960664000" -context "sdk\\\\application/1543960664000"
# webtalk_add_data -client sdk -key newbsp -value "true" -context "sdk\\\\application/1543960664000"
# webtalk_add_data -client sdk -key os -value "standalone" -context "sdk\\\\application/1543960664000"
# webtalk_add_data -client sdk -key apptemplate -value "hello_world" -context "sdk\\\\application/1543960664000"
# webtalk_add_data -client sdk -key RecordType -value "APPCreation" -context "sdk\\\\application/1543960664000"
# webtalk_add_data -client sdk -key LangUsed -value "C" -context "sdk\\\\application/1543960664000"
# webtalk_add_data -client sdk -key Procused -value "ps7_cortexa9" -context "sdk\\\\application/1543960664000"
# webtalk_add_data -client sdk -key projSize -value "295.78125" -context "sdk\\\\application/1543960664000"
# webtalk_add_data -client sdk -key uid -value "NA" -context "sdk\\\\bsp/1543961377796"
# webtalk_add_data -client sdk -key RecordType -value "ToolUsage" -context "sdk\\\\bsp/1543961377796"
# webtalk_add_data -client sdk -key BootgenCount -value "0" -context "sdk\\\\bsp/1543961377796"
# webtalk_add_data -client sdk -key DebugCount -value "8" -context "sdk\\\\bsp/1543961377796"
# webtalk_add_data -client sdk -key PerfCount -value "0" -context "sdk\\\\bsp/1543961377796"
# webtalk_add_data -client sdk -key FlashCount -value "0" -context "sdk\\\\bsp/1543961377796"
# webtalk_add_data -client sdk -key CrossTriggCount -value "0" -context "sdk\\\\bsp/1543961377796"
# webtalk_add_data -client sdk -key QemuDebugCount -value "0" -context "sdk\\\\bsp/1543961377796"
# webtalk_transmit -clientid 1771321285 -regid "210869873_1777498833_210684602_844" -xml /home/adam/COMSE6424/ZedBoard/K9F1G08U0E_controller/K9F1G08U0E_controller.sdk/webtalk/usage_statistics_ext_sdk.xml -html /home/adam/COMSE6424/ZedBoard/K9F1G08U0E_controller/K9F1G08U0E_controller.sdk/webtalk/usage_statistics_ext_sdk.html -wdm /home/adam/COMSE6424/ZedBoard/K9F1G08U0E_controller/K9F1G08U0E_controller.sdk/webtalk/sdk_webtalk.wdm -intro "<H3>SDK Usage Report</H3><BR>"
INFO: [Common 17-186] '/home/adam/COMSE6424/ZedBoard/K9F1G08U0E_controller/K9F1G08U0E_controller.sdk/webtalk/usage_statistics_ext_sdk.xml' has been successfully sent to Xilinx on Tue Dec  4 17:09:39 2018. For additional details about this file, please refer to the WebTalk help file at /opt/Xilinx/SDK/2018.2/doc/webtalk_introduction.html.
# webtalk_terminate
INFO: [Common 17-206] Exiting Webtalk at Tue Dec  4 17:09:39 2018...
